{"C:\\Users\\Ivan\\Desktop\\imdb-api\\src\\routes.js": {"path":"C:\\Users\\Ivan\\Desktop\\imdb-api\\src\\routes.js","statementMap":{"0":{"start":{"line":1,"column":15},"end":{"line":1,"column":42}},"1":{"start":{"line":3,"column":27},"end":{"line":3,"column":64}},"2":{"start":{"line":4,"column":25},"end":{"line":4,"column":60}},"3":{"start":{"line":5,"column":28},"end":{"line":5,"column":66}},"4":{"start":{"line":6,"column":25},"end":{"line":6,"column":60}},"5":{"start":{"line":8,"column":0},"end":{"line":8,"column":41}},"6":{"start":{"line":9,"column":0},"end":{"line":9,"column":39}},"7":{"start":{"line":10,"column":0},"end":{"line":10,"column":42}},"8":{"start":{"line":11,"column":0},"end":{"line":11,"column":39}},"9":{"start":{"line":13,"column":19},"end":{"line":13,"column":47}},"10":{"start":{"line":14,"column":20},"end":{"line":14,"column":49}},"11":{"start":{"line":16,"column":0},"end":{"line":16,"column":27}},"12":{"start":{"line":17,"column":0},"end":{"line":17,"column":28}},"13":{"start":{"line":19,"column":0},"end":{"line":19,"column":24}}},"fnMap":{},"branchMap":{},"s":{"0":1,"1":1,"2":1,"3":1,"4":1,"5":1,"6":1,"7":1,"8":1,"9":1,"10":1,"11":1,"12":1,"13":1},"f":{},"b":{},"_coverageSchema":"1a1c01bbd47fc00a2c39e90264f33305004495a9","hash":"70c258150e18989d9f0df72b7658f6fd12c51235"}
,"C:\\Users\\Ivan\\Desktop\\imdb-api\\src\\server.js": {"path":"C:\\Users\\Ivan\\Desktop\\imdb-api\\src\\server.js","statementMap":{"0":{"start":{"line":1,"column":16},"end":{"line":1,"column":34}},"1":{"start":{"line":2,"column":19},"end":{"line":2,"column":41}},"2":{"start":{"line":3,"column":13},"end":{"line":3,"column":28}},"3":{"start":{"line":4,"column":15},"end":{"line":4,"column":34}},"4":{"start":{"line":8,"column":4},"end":{"line":8,"column":29}},"5":{"start":{"line":9,"column":4},"end":{"line":9,"column":23}},"6":{"start":{"line":10,"column":4},"end":{"line":10,"column":18}},"7":{"start":{"line":15,"column":4},"end":{"line":15,"column":29}},"8":{"start":{"line":16,"column":4},"end":{"line":16,"column":62}},"9":{"start":{"line":18,"column":22},"end":{"line":18,"column":24}},"10":{"start":{"line":19,"column":4},"end":{"line":28,"column":8}},"11":{"start":{"line":19,"column":41},"end":{"line":28,"column":6}},"12":{"start":{"line":23,"column":6},"end":{"line":26,"column":7}},"13":{"start":{"line":24,"column":8},"end":{"line":24,"column":94}},"14":{"start":{"line":25,"column":8},"end":{"line":25,"column":15}},"15":{"start":{"line":27,"column":6},"end":{"line":27,"column":13}},"16":{"start":{"line":29,"column":28},"end":{"line":29,"column":29}},"17":{"start":{"line":30,"column":4},"end":{"line":39,"column":8}},"18":{"start":{"line":30,"column":41},"end":{"line":39,"column":6}},"19":{"start":{"line":34,"column":6},"end":{"line":37,"column":7}},"20":{"start":{"line":35,"column":8},"end":{"line":35,"column":100}},"21":{"start":{"line":36,"column":8},"end":{"line":36,"column":15}},"22":{"start":{"line":38,"column":6},"end":{"line":38,"column":13}},"23":{"start":{"line":43,"column":4},"end":{"line":43,"column":29}},"24":{"start":{"line":47,"column":0},"end":{"line":47,"column":45}}},"fnMap":{"0":{"name":"(anonymous_0)","decl":{"start":{"line":7,"column":2},"end":{"line":7,"column":3}},"loc":{"start":{"line":7,"column":16},"end":{"line":12,"column":3}},"line":7},"1":{"name":"(anonymous_1)","decl":{"start":{"line":14,"column":2},"end":{"line":14,"column":3}},"loc":{"start":{"line":14,"column":16},"end":{"line":40,"column":3}},"line":14},"2":{"name":"(anonymous_2)","decl":{"start":{"line":19,"column":21},"end":{"line":19,"column":22}},"loc":{"start":{"line":19,"column":41},"end":{"line":28,"column":6}},"line":19},"3":{"name":"(anonymous_3)","decl":{"start":{"line":22,"column":17},"end":{"line":22,"column":18}},"loc":{"start":{"line":22,"column":26},"end":{"line":28,"column":5}},"line":22},"4":{"name":"(anonymous_4)","decl":{"start":{"line":30,"column":21},"end":{"line":30,"column":22}},"loc":{"start":{"line":30,"column":41},"end":{"line":39,"column":6}},"line":30},"5":{"name":"(anonymous_5)","decl":{"start":{"line":33,"column":17},"end":{"line":33,"column":18}},"loc":{"start":{"line":33,"column":26},"end":{"line":39,"column":5}},"line":33},"6":{"name":"(anonymous_6)","decl":{"start":{"line":42,"column":2},"end":{"line":42,"column":3}},"loc":{"start":{"line":42,"column":11},"end":{"line":44,"column":3}},"line":42}},"branchMap":{"0":{"loc":{"start":{"line":23,"column":6},"end":{"line":26,"column":7}},"type":"if","locations":[{"start":{"line":23,"column":6},"end":{"line":26,"column":7}},{"start":{"line":23,"column":6},"end":{"line":26,"column":7}}],"line":23},"1":{"loc":{"start":{"line":34,"column":6},"end":{"line":37,"column":7}},"type":"if","locations":[{"start":{"line":34,"column":6},"end":{"line":37,"column":7}},{"start":{"line":34,"column":6},"end":{"line":37,"column":7}}],"line":34}},"s":{"0":1,"1":1,"2":1,"3":1,"4":1,"5":1,"6":1,"7":1,"8":1,"9":1,"10":1,"11":1,"12":1,"13":0,"14":0,"15":1,"16":1,"17":1,"18":1,"19":1,"20":0,"21":0,"22":1,"23":1,"24":1},"f":{"0":1,"1":1,"2":1,"3":1,"4":1,"5":1,"6":1},"b":{"0":[0,1],"1":[0,1]},"_coverageSchema":"1a1c01bbd47fc00a2c39e90264f33305004495a9","hash":"35e004e430376fa156b3bec4fb227661291f3399"}
,"C:\\Users\\Ivan\\Desktop\\imdb-api\\src\\api\\controllers\\movie.js": {"path":"C:\\Users\\Ivan\\Desktop\\imdb-api\\src\\api\\controllers\\movie.js","statementMap":{"0":{"start":{"line":1,"column":12},"end":{"line":1,"column":26}},"1":{"start":{"line":2,"column":21},"end":{"line":2,"column":51}},"2":{"start":{"line":4,"column":0},"end":{"line":48,"column":2}},"3":{"start":{"line":6,"column":4},"end":{"line":22,"column":5}},"4":{"start":{"line":8,"column":31},"end":{"line":11,"column":8}},"5":{"start":{"line":13,"column":25},"end":{"line":13,"column":72}},"6":{"start":{"line":15,"column":21},"end":{"line":15,"column":62}},"7":{"start":{"line":17,"column":6},"end":{"line":17,"column":42}},"8":{"start":{"line":19,"column":6},"end":{"line":21,"column":9}},"9":{"start":{"line":26,"column":4},"end":{"line":45,"column":5}},"10":{"start":{"line":28,"column":29},"end":{"line":28,"column":32}},"11":{"start":{"line":29,"column":26},"end":{"line":29,"column":36}},"12":{"start":{"line":31,"column":21},"end":{"line":33,"column":8}},"13":{"start":{"line":35,"column":26},"end":{"line":35,"column":58}},"14":{"start":{"line":37,"column":6},"end":{"line":37,"column":73}},"15":{"start":{"line":39,"column":6},"end":{"line":39,"column":36}},"16":{"start":{"line":42,"column":6},"end":{"line":44,"column":9}}},"fnMap":{"0":{"name":"(anonymous_0)","decl":{"start":{"line":5,"column":15},"end":{"line":5,"column":16}},"loc":{"start":{"line":5,"column":35},"end":{"line":23,"column":3}},"line":5},"1":{"name":"(anonymous_1)","decl":{"start":{"line":25,"column":15},"end":{"line":25,"column":16}},"loc":{"start":{"line":25,"column":35},"end":{"line":46,"column":3}},"line":25}},"branchMap":{"0":{"loc":{"start":{"line":19,"column":24},"end":{"line":19,"column":39}},"type":"binary-expr","locations":[{"start":{"line":19,"column":24},"end":{"line":19,"column":32}},{"start":{"line":19,"column":36},"end":{"line":19,"column":39}}],"line":19},"1":{"loc":{"start":{"line":20,"column":16},"end":{"line":20,"column":76}},"type":"binary-expr","locations":[{"start":{"line":20,"column":16},"end":{"line":20,"column":24}},{"start":{"line":20,"column":28},"end":{"line":20,"column":37}},{"start":{"line":20,"column":41},"end":{"line":20,"column":76}}],"line":20},"2":{"loc":{"start":{"line":42,"column":24},"end":{"line":42,"column":39}},"type":"binary-expr","locations":[{"start":{"line":42,"column":24},"end":{"line":42,"column":32}},{"start":{"line":42,"column":36},"end":{"line":42,"column":39}}],"line":42},"3":{"loc":{"start":{"line":43,"column":16},"end":{"line":43,"column":76}},"type":"binary-expr","locations":[{"start":{"line":43,"column":16},"end":{"line":43,"column":24}},{"start":{"line":43,"column":28},"end":{"line":43,"column":37}},{"start":{"line":43,"column":41},"end":{"line":43,"column":76}}],"line":43}},"s":{"0":1,"1":1,"2":1,"3":0,"4":0,"5":0,"6":0,"7":0,"8":0,"9":0,"10":0,"11":0,"12":0,"13":0,"14":0,"15":0,"16":0},"f":{"0":0,"1":0},"b":{"0":[0,0],"1":[0,0,0],"2":[0,0],"3":[0,0,0]},"_coverageSchema":"1a1c01bbd47fc00a2c39e90264f33305004495a9","hash":"379d6545601c17366162fb0375fdd00151e313ab"}
,"C:\\Users\\Ivan\\Desktop\\imdb-api\\src\\api\\controllers\\user.js": {"path":"C:\\Users\\Ivan\\Desktop\\imdb-api\\src\\api\\controllers\\user.js","statementMap":{"0":{"start":{"line":1,"column":12},"end":{"line":1,"column":26}},"1":{"start":{"line":2,"column":20},"end":{"line":2,"column":49}},"2":{"start":{"line":4,"column":0},"end":{"line":103,"column":2}},"3":{"start":{"line":6,"column":4},"end":{"line":24,"column":5}},"4":{"start":{"line":8,"column":21},"end":{"line":13,"column":8}},"5":{"start":{"line":15,"column":26},"end":{"line":15,"column":62}},"6":{"start":{"line":17,"column":21},"end":{"line":17,"column":58}},"7":{"start":{"line":19,"column":6},"end":{"line":19,"column":42}},"8":{"start":{"line":21,"column":6},"end":{"line":23,"column":9}},"9":{"start":{"line":28,"column":4},"end":{"line":46,"column":5}},"10":{"start":{"line":29,"column":23},"end":{"line":29,"column":26}},"11":{"start":{"line":31,"column":21},"end":{"line":35,"column":8}},"12":{"start":{"line":37,"column":26},"end":{"line":37,"column":62}},"13":{"start":{"line":39,"column":21},"end":{"line":39,"column":64}},"14":{"start":{"line":41,"column":6},"end":{"line":41,"column":42}},"15":{"start":{"line":43,"column":6},"end":{"line":45,"column":9}},"16":{"start":{"line":50,"column":4},"end":{"line":60,"column":5}},"17":{"start":{"line":51,"column":25},"end":{"line":51,"column":35}},"18":{"start":{"line":53,"column":6},"end":{"line":53,"column":43}},"19":{"start":{"line":55,"column":6},"end":{"line":55,"column":36}},"20":{"start":{"line":57,"column":6},"end":{"line":59,"column":9}},"21":{"start":{"line":64,"column":4},"end":{"line":84,"column":5}},"22":{"start":{"line":66,"column":21},"end":{"line":69,"column":8}},"23":{"start":{"line":71,"column":27},"end":{"line":71,"column":63}},"24":{"start":{"line":73,"column":21},"end":{"line":76,"column":8}},"25":{"start":{"line":78,"column":6},"end":{"line":78,"column":42}},"26":{"start":{"line":81,"column":6},"end":{"line":83,"column":9}},"27":{"start":{"line":88,"column":4},"end":{"line":100,"column":5}},"28":{"start":{"line":90,"column":23},"end":{"line":90,"column":26}},"29":{"start":{"line":92,"column":21},"end":{"line":92,"column":54}},"30":{"start":{"line":94,"column":6},"end":{"line":94,"column":36}},"31":{"start":{"line":97,"column":6},"end":{"line":99,"column":9}}},"fnMap":{"0":{"name":"(anonymous_0)","decl":{"start":{"line":5,"column":15},"end":{"line":5,"column":16}},"loc":{"start":{"line":5,"column":35},"end":{"line":25,"column":3}},"line":5},"1":{"name":"(anonymous_1)","decl":{"start":{"line":27,"column":14},"end":{"line":27,"column":15}},"loc":{"start":{"line":27,"column":34},"end":{"line":47,"column":3}},"line":27},"2":{"name":"(anonymous_2)","decl":{"start":{"line":49,"column":14},"end":{"line":49,"column":15}},"loc":{"start":{"line":49,"column":34},"end":{"line":61,"column":3}},"line":49},"3":{"name":"(anonymous_3)","decl":{"start":{"line":63,"column":9},"end":{"line":63,"column":10}},"loc":{"start":{"line":63,"column":30},"end":{"line":85,"column":3}},"line":63},"4":{"name":"(anonymous_4)","decl":{"start":{"line":87,"column":10},"end":{"line":87,"column":11}},"loc":{"start":{"line":87,"column":31},"end":{"line":101,"column":3}},"line":87}},"branchMap":{"0":{"loc":{"start":{"line":21,"column":24},"end":{"line":21,"column":39}},"type":"binary-expr","locations":[{"start":{"line":21,"column":24},"end":{"line":21,"column":32}},{"start":{"line":21,"column":36},"end":{"line":21,"column":39}}],"line":21},"1":{"loc":{"start":{"line":22,"column":16},"end":{"line":22,"column":76}},"type":"binary-expr","locations":[{"start":{"line":22,"column":16},"end":{"line":22,"column":24}},{"start":{"line":22,"column":28},"end":{"line":22,"column":37}},{"start":{"line":22,"column":41},"end":{"line":22,"column":76}}],"line":22},"2":{"loc":{"start":{"line":43,"column":24},"end":{"line":43,"column":39}},"type":"binary-expr","locations":[{"start":{"line":43,"column":24},"end":{"line":43,"column":32}},{"start":{"line":43,"column":36},"end":{"line":43,"column":39}}],"line":43},"3":{"loc":{"start":{"line":44,"column":16},"end":{"line":44,"column":76}},"type":"binary-expr","locations":[{"start":{"line":44,"column":16},"end":{"line":44,"column":24}},{"start":{"line":44,"column":28},"end":{"line":44,"column":37}},{"start":{"line":44,"column":41},"end":{"line":44,"column":76}}],"line":44},"4":{"loc":{"start":{"line":57,"column":24},"end":{"line":57,"column":39}},"type":"binary-expr","locations":[{"start":{"line":57,"column":24},"end":{"line":57,"column":32}},{"start":{"line":57,"column":36},"end":{"line":57,"column":39}}],"line":57},"5":{"loc":{"start":{"line":58,"column":16},"end":{"line":58,"column":76}},"type":"binary-expr","locations":[{"start":{"line":58,"column":16},"end":{"line":58,"column":24}},{"start":{"line":58,"column":28},"end":{"line":58,"column":37}},{"start":{"line":58,"column":41},"end":{"line":58,"column":76}}],"line":58},"6":{"loc":{"start":{"line":81,"column":24},"end":{"line":81,"column":39}},"type":"binary-expr","locations":[{"start":{"line":81,"column":24},"end":{"line":81,"column":32}},{"start":{"line":81,"column":36},"end":{"line":81,"column":39}}],"line":81},"7":{"loc":{"start":{"line":82,"column":16},"end":{"line":82,"column":76}},"type":"binary-expr","locations":[{"start":{"line":82,"column":16},"end":{"line":82,"column":24}},{"start":{"line":82,"column":28},"end":{"line":82,"column":37}},{"start":{"line":82,"column":41},"end":{"line":82,"column":76}}],"line":82},"8":{"loc":{"start":{"line":97,"column":24},"end":{"line":97,"column":39}},"type":"binary-expr","locations":[{"start":{"line":97,"column":24},"end":{"line":97,"column":32}},{"start":{"line":97,"column":36},"end":{"line":97,"column":39}}],"line":97},"9":{"loc":{"start":{"line":98,"column":16},"end":{"line":98,"column":76}},"type":"binary-expr","locations":[{"start":{"line":98,"column":16},"end":{"line":98,"column":24}},{"start":{"line":98,"column":28},"end":{"line":98,"column":37}},{"start":{"line":98,"column":41},"end":{"line":98,"column":76}}],"line":98}},"s":{"0":1,"1":1,"2":1,"3":1,"4":1,"5":1,"6":1,"7":0,"8":1,"9":0,"10":0,"11":0,"12":0,"13":0,"14":0,"15":0,"16":0,"17":0,"18":0,"19":0,"20":0,"21":0,"22":0,"23":0,"24":0,"25":0,"26":0,"27":0,"28":0,"29":0,"30":0,"31":0},"f":{"0":1,"1":0,"2":0,"3":0,"4":0},"b":{"0":[1,0],"1":[1,0,0],"2":[0,0],"3":[0,0,0],"4":[0,0],"5":[0,0,0],"6":[0,0],"7":[0,0,0],"8":[0,0],"9":[0,0,0]},"_coverageSchema":"1a1c01bbd47fc00a2c39e90264f33305004495a9","hash":"ec024e3f9d42e70dd1b8f608905c8e2f33c6b017"}
,"C:\\Users\\Ivan\\Desktop\\imdb-api\\src\\api\\controllers\\admin\\account.js": {"path":"C:\\Users\\Ivan\\Desktop\\imdb-api\\src\\api\\controllers\\admin\\account.js","statementMap":{"0":{"start":{"line":1,"column":12},"end":{"line":1,"column":26}},"1":{"start":{"line":2,"column":23},"end":{"line":2,"column":58}},"2":{"start":{"line":4,"column":0},"end":{"line":129,"column":2}},"3":{"start":{"line":6,"column":4},"end":{"line":16,"column":5}},"4":{"start":{"line":7,"column":23},"end":{"line":7,"column":26}},"5":{"start":{"line":9,"column":21},"end":{"line":9,"column":65}},"6":{"start":{"line":11,"column":6},"end":{"line":11,"column":42}},"7":{"start":{"line":13,"column":6},"end":{"line":15,"column":9}},"8":{"start":{"line":20,"column":4},"end":{"line":35,"column":5}},"9":{"start":{"line":21,"column":21},"end":{"line":24,"column":8}},"10":{"start":{"line":26,"column":29},"end":{"line":26,"column":65}},"11":{"start":{"line":28,"column":21},"end":{"line":28,"column":64}},"12":{"start":{"line":30,"column":6},"end":{"line":30,"column":42}},"13":{"start":{"line":32,"column":6},"end":{"line":34,"column":9}},"14":{"start":{"line":39,"column":4},"end":{"line":56,"column":5}},"15":{"start":{"line":40,"column":23},"end":{"line":40,"column":26}},"16":{"start":{"line":42,"column":21},"end":{"line":45,"column":8}},"17":{"start":{"line":47,"column":29},"end":{"line":47,"column":65}},"18":{"start":{"line":49,"column":21},"end":{"line":49,"column":73}},"19":{"start":{"line":51,"column":6},"end":{"line":51,"column":42}},"20":{"start":{"line":53,"column":6},"end":{"line":55,"column":9}},"21":{"start":{"line":60,"column":4},"end":{"line":70,"column":5}},"22":{"start":{"line":61,"column":28},"end":{"line":61,"column":38}},"23":{"start":{"line":63,"column":6},"end":{"line":63,"column":45}},"24":{"start":{"line":65,"column":6},"end":{"line":65,"column":36}},"25":{"start":{"line":67,"column":6},"end":{"line":69,"column":9}},"26":{"start":{"line":74,"column":4},"end":{"line":84,"column":5}},"27":{"start":{"line":75,"column":23},"end":{"line":75,"column":26}},"28":{"start":{"line":77,"column":6},"end":{"line":77,"column":45}},"29":{"start":{"line":79,"column":6},"end":{"line":79,"column":36}},"30":{"start":{"line":81,"column":6},"end":{"line":83,"column":9}},"31":{"start":{"line":88,"column":4},"end":{"line":108,"column":5}},"32":{"start":{"line":90,"column":21},"end":{"line":93,"column":8}},"33":{"start":{"line":95,"column":27},"end":{"line":95,"column":63}},"34":{"start":{"line":97,"column":21},"end":{"line":100,"column":8}},"35":{"start":{"line":102,"column":6},"end":{"line":102,"column":42}},"36":{"start":{"line":105,"column":6},"end":{"line":107,"column":9}},"37":{"start":{"line":112,"column":4},"end":{"line":126,"column":5}},"38":{"start":{"line":114,"column":23},"end":{"line":114,"column":26}},"39":{"start":{"line":116,"column":27},"end":{"line":116,"column":63}},"40":{"start":{"line":118,"column":21},"end":{"line":118,"column":62}},"41":{"start":{"line":120,"column":6},"end":{"line":120,"column":42}},"42":{"start":{"line":123,"column":6},"end":{"line":125,"column":9}}},"fnMap":{"0":{"name":"(anonymous_0)","decl":{"start":{"line":5,"column":19},"end":{"line":5,"column":20}},"loc":{"start":{"line":5,"column":39},"end":{"line":17,"column":3}},"line":5},"1":{"name":"(anonymous_1)","decl":{"start":{"line":19,"column":18},"end":{"line":19,"column":19}},"loc":{"start":{"line":19,"column":38},"end":{"line":36,"column":3}},"line":19},"2":{"name":"(anonymous_2)","decl":{"start":{"line":38,"column":17},"end":{"line":38,"column":18}},"loc":{"start":{"line":38,"column":37},"end":{"line":57,"column":3}},"line":38},"3":{"name":"(anonymous_3)","decl":{"start":{"line":59,"column":17},"end":{"line":59,"column":18}},"loc":{"start":{"line":59,"column":37},"end":{"line":71,"column":3}},"line":59},"4":{"name":"(anonymous_4)","decl":{"start":{"line":73,"column":22},"end":{"line":73,"column":23}},"loc":{"start":{"line":73,"column":42},"end":{"line":85,"column":3}},"line":73},"5":{"name":"(anonymous_5)","decl":{"start":{"line":87,"column":9},"end":{"line":87,"column":10}},"loc":{"start":{"line":87,"column":30},"end":{"line":109,"column":3}},"line":87},"6":{"name":"(anonymous_6)","decl":{"start":{"line":111,"column":10},"end":{"line":111,"column":11}},"loc":{"start":{"line":111,"column":31},"end":{"line":127,"column":3}},"line":111}},"branchMap":{"0":{"loc":{"start":{"line":13,"column":24},"end":{"line":13,"column":39}},"type":"binary-expr","locations":[{"start":{"line":13,"column":24},"end":{"line":13,"column":32}},{"start":{"line":13,"column":36},"end":{"line":13,"column":39}}],"line":13},"1":{"loc":{"start":{"line":14,"column":16},"end":{"line":14,"column":76}},"type":"binary-expr","locations":[{"start":{"line":14,"column":16},"end":{"line":14,"column":24}},{"start":{"line":14,"column":28},"end":{"line":14,"column":37}},{"start":{"line":14,"column":41},"end":{"line":14,"column":76}}],"line":14},"2":{"loc":{"start":{"line":32,"column":24},"end":{"line":32,"column":39}},"type":"binary-expr","locations":[{"start":{"line":32,"column":24},"end":{"line":32,"column":32}},{"start":{"line":32,"column":36},"end":{"line":32,"column":39}}],"line":32},"3":{"loc":{"start":{"line":33,"column":16},"end":{"line":33,"column":76}},"type":"binary-expr","locations":[{"start":{"line":33,"column":16},"end":{"line":33,"column":24}},{"start":{"line":33,"column":28},"end":{"line":33,"column":37}},{"start":{"line":33,"column":41},"end":{"line":33,"column":76}}],"line":33},"4":{"loc":{"start":{"line":53,"column":24},"end":{"line":53,"column":39}},"type":"binary-expr","locations":[{"start":{"line":53,"column":24},"end":{"line":53,"column":32}},{"start":{"line":53,"column":36},"end":{"line":53,"column":39}}],"line":53},"5":{"loc":{"start":{"line":54,"column":16},"end":{"line":54,"column":76}},"type":"binary-expr","locations":[{"start":{"line":54,"column":16},"end":{"line":54,"column":24}},{"start":{"line":54,"column":28},"end":{"line":54,"column":37}},{"start":{"line":54,"column":41},"end":{"line":54,"column":76}}],"line":54},"6":{"loc":{"start":{"line":67,"column":24},"end":{"line":67,"column":39}},"type":"binary-expr","locations":[{"start":{"line":67,"column":24},"end":{"line":67,"column":32}},{"start":{"line":67,"column":36},"end":{"line":67,"column":39}}],"line":67},"7":{"loc":{"start":{"line":68,"column":16},"end":{"line":68,"column":76}},"type":"binary-expr","locations":[{"start":{"line":68,"column":16},"end":{"line":68,"column":24}},{"start":{"line":68,"column":28},"end":{"line":68,"column":37}},{"start":{"line":68,"column":41},"end":{"line":68,"column":76}}],"line":68},"8":{"loc":{"start":{"line":81,"column":24},"end":{"line":81,"column":39}},"type":"binary-expr","locations":[{"start":{"line":81,"column":24},"end":{"line":81,"column":32}},{"start":{"line":81,"column":36},"end":{"line":81,"column":39}}],"line":81},"9":{"loc":{"start":{"line":82,"column":16},"end":{"line":82,"column":76}},"type":"binary-expr","locations":[{"start":{"line":82,"column":16},"end":{"line":82,"column":24}},{"start":{"line":82,"column":28},"end":{"line":82,"column":37}},{"start":{"line":82,"column":41},"end":{"line":82,"column":76}}],"line":82},"10":{"loc":{"start":{"line":105,"column":24},"end":{"line":105,"column":39}},"type":"binary-expr","locations":[{"start":{"line":105,"column":24},"end":{"line":105,"column":32}},{"start":{"line":105,"column":36},"end":{"line":105,"column":39}}],"line":105},"11":{"loc":{"start":{"line":106,"column":16},"end":{"line":106,"column":76}},"type":"binary-expr","locations":[{"start":{"line":106,"column":16},"end":{"line":106,"column":24}},{"start":{"line":106,"column":28},"end":{"line":106,"column":37}},{"start":{"line":106,"column":41},"end":{"line":106,"column":76}}],"line":106},"12":{"loc":{"start":{"line":123,"column":24},"end":{"line":123,"column":39}},"type":"binary-expr","locations":[{"start":{"line":123,"column":24},"end":{"line":123,"column":32}},{"start":{"line":123,"column":36},"end":{"line":123,"column":39}}],"line":123},"13":{"loc":{"start":{"line":124,"column":16},"end":{"line":124,"column":76}},"type":"binary-expr","locations":[{"start":{"line":124,"column":16},"end":{"line":124,"column":24}},{"start":{"line":124,"column":28},"end":{"line":124,"column":37}},{"start":{"line":124,"column":41},"end":{"line":124,"column":76}}],"line":124}},"s":{"0":1,"1":1,"2":1,"3":0,"4":0,"5":0,"6":0,"7":0,"8":0,"9":0,"10":0,"11":0,"12":0,"13":0,"14":0,"15":0,"16":0,"17":0,"18":0,"19":0,"20":0,"21":0,"22":0,"23":0,"24":0,"25":0,"26":0,"27":0,"28":0,"29":0,"30":0,"31":0,"32":0,"33":0,"34":0,"35":0,"36":0,"37":0,"38":0,"39":0,"40":0,"41":0,"42":0},"f":{"0":0,"1":0,"2":0,"3":0,"4":0,"5":0,"6":0},"b":{"0":[0,0],"1":[0,0,0],"2":[0,0],"3":[0,0,0],"4":[0,0],"5":[0,0,0],"6":[0,0],"7":[0,0,0],"8":[0,0],"9":[0,0,0],"10":[0,0],"11":[0,0,0],"12":[0,0],"13":[0,0,0]},"_coverageSchema":"1a1c01bbd47fc00a2c39e90264f33305004495a9","hash":"5a82f216affbadfc51d70635013ed7aba2d37022"}
,"C:\\Users\\Ivan\\Desktop\\imdb-api\\src\\api\\controllers\\admin\\actor.js": {"path":"C:\\Users\\Ivan\\Desktop\\imdb-api\\src\\api\\controllers\\admin\\actor.js","statementMap":{"0":{"start":{"line":1,"column":12},"end":{"line":1,"column":26}},"1":{"start":{"line":2,"column":21},"end":{"line":2,"column":57}},"2":{"start":{"line":4,"column":0},"end":{"line":83,"column":2}},"3":{"start":{"line":6,"column":4},"end":{"line":23,"column":5}},"4":{"start":{"line":8,"column":31},"end":{"line":11,"column":8}},"5":{"start":{"line":13,"column":25},"end":{"line":13,"column":72}},"6":{"start":{"line":15,"column":21},"end":{"line":15,"column":62}},"7":{"start":{"line":17,"column":6},"end":{"line":17,"column":42}},"8":{"start":{"line":20,"column":6},"end":{"line":22,"column":9}},"9":{"start":{"line":27,"column":4},"end":{"line":44,"column":5}},"10":{"start":{"line":29,"column":21},"end":{"line":32,"column":8}},"11":{"start":{"line":34,"column":27},"end":{"line":34,"column":63}},"12":{"start":{"line":36,"column":21},"end":{"line":36,"column":60}},"13":{"start":{"line":38,"column":6},"end":{"line":38,"column":42}},"14":{"start":{"line":41,"column":6},"end":{"line":43,"column":9}},"15":{"start":{"line":48,"column":4},"end":{"line":65,"column":5}},"16":{"start":{"line":50,"column":26},"end":{"line":50,"column":36}},"17":{"start":{"line":52,"column":21},"end":{"line":54,"column":8}},"18":{"start":{"line":56,"column":27},"end":{"line":56,"column":63}},"19":{"start":{"line":58,"column":6},"end":{"line":58,"column":55}},"20":{"start":{"line":60,"column":6},"end":{"line":60,"column":36}},"21":{"start":{"line":62,"column":6},"end":{"line":64,"column":9}},"22":{"start":{"line":69,"column":4},"end":{"line":80,"column":5}},"23":{"start":{"line":71,"column":26},"end":{"line":71,"column":36}},"24":{"start":{"line":73,"column":6},"end":{"line":73,"column":41}},"25":{"start":{"line":75,"column":6},"end":{"line":75,"column":36}},"26":{"start":{"line":77,"column":6},"end":{"line":79,"column":9}}},"fnMap":{"0":{"name":"(anonymous_0)","decl":{"start":{"line":5,"column":15},"end":{"line":5,"column":16}},"loc":{"start":{"line":5,"column":35},"end":{"line":24,"column":3}},"line":5},"1":{"name":"(anonymous_1)","decl":{"start":{"line":26,"column":16},"end":{"line":26,"column":17}},"loc":{"start":{"line":26,"column":36},"end":{"line":45,"column":3}},"line":26},"2":{"name":"(anonymous_2)","decl":{"start":{"line":47,"column":16},"end":{"line":47,"column":17}},"loc":{"start":{"line":47,"column":36},"end":{"line":66,"column":3}},"line":47},"3":{"name":"(anonymous_3)","decl":{"start":{"line":68,"column":16},"end":{"line":68,"column":17}},"loc":{"start":{"line":68,"column":36},"end":{"line":81,"column":3}},"line":68}},"branchMap":{"0":{"loc":{"start":{"line":20,"column":24},"end":{"line":20,"column":39}},"type":"binary-expr","locations":[{"start":{"line":20,"column":24},"end":{"line":20,"column":32}},{"start":{"line":20,"column":36},"end":{"line":20,"column":39}}],"line":20},"1":{"loc":{"start":{"line":21,"column":16},"end":{"line":21,"column":76}},"type":"binary-expr","locations":[{"start":{"line":21,"column":16},"end":{"line":21,"column":24}},{"start":{"line":21,"column":28},"end":{"line":21,"column":37}},{"start":{"line":21,"column":41},"end":{"line":21,"column":76}}],"line":21},"2":{"loc":{"start":{"line":41,"column":24},"end":{"line":41,"column":39}},"type":"binary-expr","locations":[{"start":{"line":41,"column":24},"end":{"line":41,"column":32}},{"start":{"line":41,"column":36},"end":{"line":41,"column":39}}],"line":41},"3":{"loc":{"start":{"line":42,"column":16},"end":{"line":42,"column":76}},"type":"binary-expr","locations":[{"start":{"line":42,"column":16},"end":{"line":42,"column":24}},{"start":{"line":42,"column":28},"end":{"line":42,"column":37}},{"start":{"line":42,"column":41},"end":{"line":42,"column":76}}],"line":42},"4":{"loc":{"start":{"line":62,"column":24},"end":{"line":62,"column":39}},"type":"binary-expr","locations":[{"start":{"line":62,"column":24},"end":{"line":62,"column":32}},{"start":{"line":62,"column":36},"end":{"line":62,"column":39}}],"line":62},"5":{"loc":{"start":{"line":63,"column":16},"end":{"line":63,"column":76}},"type":"binary-expr","locations":[{"start":{"line":63,"column":16},"end":{"line":63,"column":24}},{"start":{"line":63,"column":28},"end":{"line":63,"column":37}},{"start":{"line":63,"column":41},"end":{"line":63,"column":76}}],"line":63},"6":{"loc":{"start":{"line":77,"column":24},"end":{"line":77,"column":39}},"type":"binary-expr","locations":[{"start":{"line":77,"column":24},"end":{"line":77,"column":32}},{"start":{"line":77,"column":36},"end":{"line":77,"column":39}}],"line":77},"7":{"loc":{"start":{"line":78,"column":16},"end":{"line":78,"column":76}},"type":"binary-expr","locations":[{"start":{"line":78,"column":16},"end":{"line":78,"column":24}},{"start":{"line":78,"column":28},"end":{"line":78,"column":37}},{"start":{"line":78,"column":41},"end":{"line":78,"column":76}}],"line":78}},"s":{"0":1,"1":1,"2":1,"3":0,"4":0,"5":0,"6":0,"7":0,"8":0,"9":0,"10":0,"11":0,"12":0,"13":0,"14":0,"15":0,"16":0,"17":0,"18":0,"19":0,"20":0,"21":0,"22":0,"23":0,"24":0,"25":0,"26":0},"f":{"0":0,"1":0,"2":0,"3":0},"b":{"0":[0,0],"1":[0,0,0],"2":[0,0],"3":[0,0,0],"4":[0,0],"5":[0,0,0],"6":[0,0],"7":[0,0,0]},"_coverageSchema":"1a1c01bbd47fc00a2c39e90264f33305004495a9","hash":"9172fd58e160ebeda8fb8f176566bda33b9e89f7"}
,"C:\\Users\\Ivan\\Desktop\\imdb-api\\src\\api\\controllers\\admin\\director.js": {"path":"C:\\Users\\Ivan\\Desktop\\imdb-api\\src\\api\\controllers\\admin\\director.js","statementMap":{"0":{"start":{"line":1,"column":12},"end":{"line":1,"column":26}},"1":{"start":{"line":2,"column":24},"end":{"line":2,"column":63}},"2":{"start":{"line":4,"column":0},"end":{"line":82,"column":2}},"3":{"start":{"line":6,"column":4},"end":{"line":23,"column":5}},"4":{"start":{"line":8,"column":31},"end":{"line":11,"column":8}},"5":{"start":{"line":13,"column":25},"end":{"line":13,"column":72}},"6":{"start":{"line":15,"column":21},"end":{"line":15,"column":68}},"7":{"start":{"line":17,"column":6},"end":{"line":17,"column":42}},"8":{"start":{"line":20,"column":6},"end":{"line":22,"column":9}},"9":{"start":{"line":27,"column":4},"end":{"line":43,"column":5}},"10":{"start":{"line":29,"column":21},"end":{"line":31,"column":8}},"11":{"start":{"line":33,"column":30},"end":{"line":33,"column":66}},"12":{"start":{"line":35,"column":21},"end":{"line":35,"column":66}},"13":{"start":{"line":37,"column":6},"end":{"line":37,"column":42}},"14":{"start":{"line":40,"column":6},"end":{"line":42,"column":9}},"15":{"start":{"line":47,"column":4},"end":{"line":64,"column":5}},"16":{"start":{"line":49,"column":29},"end":{"line":49,"column":39}},"17":{"start":{"line":51,"column":21},"end":{"line":53,"column":8}},"18":{"start":{"line":55,"column":30},"end":{"line":55,"column":66}},"19":{"start":{"line":57,"column":21},"end":{"line":57,"column":78}},"20":{"start":{"line":59,"column":6},"end":{"line":59,"column":36}},"21":{"start":{"line":61,"column":6},"end":{"line":63,"column":9}},"22":{"start":{"line":68,"column":4},"end":{"line":79,"column":5}},"23":{"start":{"line":70,"column":29},"end":{"line":70,"column":39}},"24":{"start":{"line":72,"column":21},"end":{"line":72,"column":61}},"25":{"start":{"line":74,"column":6},"end":{"line":74,"column":36}},"26":{"start":{"line":76,"column":6},"end":{"line":78,"column":9}}},"fnMap":{"0":{"name":"(anonymous_0)","decl":{"start":{"line":5,"column":18},"end":{"line":5,"column":19}},"loc":{"start":{"line":5,"column":38},"end":{"line":24,"column":3}},"line":5},"1":{"name":"(anonymous_1)","decl":{"start":{"line":26,"column":19},"end":{"line":26,"column":20}},"loc":{"start":{"line":26,"column":39},"end":{"line":44,"column":3}},"line":26},"2":{"name":"(anonymous_2)","decl":{"start":{"line":46,"column":19},"end":{"line":46,"column":20}},"loc":{"start":{"line":46,"column":39},"end":{"line":65,"column":3}},"line":46},"3":{"name":"(anonymous_3)","decl":{"start":{"line":67,"column":19},"end":{"line":67,"column":20}},"loc":{"start":{"line":67,"column":39},"end":{"line":80,"column":3}},"line":67}},"branchMap":{"0":{"loc":{"start":{"line":20,"column":24},"end":{"line":20,"column":39}},"type":"binary-expr","locations":[{"start":{"line":20,"column":24},"end":{"line":20,"column":32}},{"start":{"line":20,"column":36},"end":{"line":20,"column":39}}],"line":20},"1":{"loc":{"start":{"line":21,"column":16},"end":{"line":21,"column":76}},"type":"binary-expr","locations":[{"start":{"line":21,"column":16},"end":{"line":21,"column":24}},{"start":{"line":21,"column":28},"end":{"line":21,"column":37}},{"start":{"line":21,"column":41},"end":{"line":21,"column":76}}],"line":21},"2":{"loc":{"start":{"line":40,"column":24},"end":{"line":40,"column":39}},"type":"binary-expr","locations":[{"start":{"line":40,"column":24},"end":{"line":40,"column":32}},{"start":{"line":40,"column":36},"end":{"line":40,"column":39}}],"line":40},"3":{"loc":{"start":{"line":41,"column":16},"end":{"line":41,"column":76}},"type":"binary-expr","locations":[{"start":{"line":41,"column":16},"end":{"line":41,"column":24}},{"start":{"line":41,"column":28},"end":{"line":41,"column":37}},{"start":{"line":41,"column":41},"end":{"line":41,"column":76}}],"line":41},"4":{"loc":{"start":{"line":61,"column":24},"end":{"line":61,"column":39}},"type":"binary-expr","locations":[{"start":{"line":61,"column":24},"end":{"line":61,"column":32}},{"start":{"line":61,"column":36},"end":{"line":61,"column":39}}],"line":61},"5":{"loc":{"start":{"line":62,"column":16},"end":{"line":62,"column":76}},"type":"binary-expr","locations":[{"start":{"line":62,"column":16},"end":{"line":62,"column":24}},{"start":{"line":62,"column":28},"end":{"line":62,"column":37}},{"start":{"line":62,"column":41},"end":{"line":62,"column":76}}],"line":62},"6":{"loc":{"start":{"line":76,"column":24},"end":{"line":76,"column":39}},"type":"binary-expr","locations":[{"start":{"line":76,"column":24},"end":{"line":76,"column":32}},{"start":{"line":76,"column":36},"end":{"line":76,"column":39}}],"line":76},"7":{"loc":{"start":{"line":77,"column":16},"end":{"line":77,"column":76}},"type":"binary-expr","locations":[{"start":{"line":77,"column":16},"end":{"line":77,"column":24}},{"start":{"line":77,"column":28},"end":{"line":77,"column":37}},{"start":{"line":77,"column":41},"end":{"line":77,"column":76}}],"line":77}},"s":{"0":1,"1":1,"2":1,"3":0,"4":0,"5":0,"6":0,"7":0,"8":0,"9":0,"10":0,"11":0,"12":0,"13":0,"14":0,"15":0,"16":0,"17":0,"18":0,"19":0,"20":0,"21":0,"22":0,"23":0,"24":0,"25":0,"26":0},"f":{"0":0,"1":0,"2":0,"3":0},"b":{"0":[0,0],"1":[0,0,0],"2":[0,0],"3":[0,0,0],"4":[0,0],"5":[0,0,0],"6":[0,0],"7":[0,0,0]},"_coverageSchema":"1a1c01bbd47fc00a2c39e90264f33305004495a9","hash":"3359d2de88584a8ea71abbece12affd05a091e23"}
,"C:\\Users\\Ivan\\Desktop\\imdb-api\\src\\api\\controllers\\admin\\movie.js": {"path":"C:\\Users\\Ivan\\Desktop\\imdb-api\\src\\api\\controllers\\admin\\movie.js","statementMap":{"0":{"start":{"line":1,"column":12},"end":{"line":1,"column":26}},"1":{"start":{"line":2,"column":21},"end":{"line":2,"column":54}},"2":{"start":{"line":3,"column":29},"end":{"line":3,"column":73}},"3":{"start":{"line":5,"column":0},"end":{"line":96,"column":2}},"4":{"start":{"line":8,"column":4},"end":{"line":25,"column":5}},"5":{"start":{"line":10,"column":31},"end":{"line":13,"column":8}},"6":{"start":{"line":15,"column":25},"end":{"line":15,"column":72}},"7":{"start":{"line":17,"column":21},"end":{"line":17,"column":62}},"8":{"start":{"line":19,"column":6},"end":{"line":19,"column":42}},"9":{"start":{"line":22,"column":6},"end":{"line":24,"column":9}},"10":{"start":{"line":29,"column":4},"end":{"line":51,"column":5}},"11":{"start":{"line":31,"column":26},"end":{"line":31,"column":44}},"12":{"start":{"line":33,"column":21},"end":{"line":39,"column":8}},"13":{"start":{"line":41,"column":27},"end":{"line":41,"column":63}},"14":{"start":{"line":43,"column":21},"end":{"line":43,"column":60}},"15":{"start":{"line":45,"column":6},"end":{"line":45,"column":42}},"16":{"start":{"line":48,"column":6},"end":{"line":50,"column":9}},"17":{"start":{"line":55,"column":4},"end":{"line":78,"column":5}},"18":{"start":{"line":57,"column":26},"end":{"line":57,"column":36}},"19":{"start":{"line":59,"column":26},"end":{"line":59,"column":44}},"20":{"start":{"line":61,"column":21},"end":{"line":67,"column":8}},"21":{"start":{"line":69,"column":27},"end":{"line":69,"column":63}},"22":{"start":{"line":71,"column":21},"end":{"line":71,"column":69}},"23":{"start":{"line":73,"column":6},"end":{"line":73,"column":42}},"24":{"start":{"line":75,"column":6},"end":{"line":77,"column":9}},"25":{"start":{"line":82,"column":4},"end":{"line":93,"column":5}},"26":{"start":{"line":84,"column":26},"end":{"line":84,"column":36}},"27":{"start":{"line":86,"column":6},"end":{"line":86,"column":41}},"28":{"start":{"line":88,"column":6},"end":{"line":88,"column":36}},"29":{"start":{"line":90,"column":6},"end":{"line":92,"column":9}}},"fnMap":{"0":{"name":"(anonymous_0)","decl":{"start":{"line":7,"column":15},"end":{"line":7,"column":16}},"loc":{"start":{"line":7,"column":35},"end":{"line":26,"column":3}},"line":7},"1":{"name":"(anonymous_1)","decl":{"start":{"line":28,"column":16},"end":{"line":28,"column":17}},"loc":{"start":{"line":28,"column":36},"end":{"line":52,"column":3}},"line":28},"2":{"name":"(anonymous_2)","decl":{"start":{"line":54,"column":16},"end":{"line":54,"column":17}},"loc":{"start":{"line":54,"column":36},"end":{"line":79,"column":3}},"line":54},"3":{"name":"(anonymous_3)","decl":{"start":{"line":81,"column":16},"end":{"line":81,"column":17}},"loc":{"start":{"line":81,"column":36},"end":{"line":94,"column":3}},"line":81}},"branchMap":{"0":{"loc":{"start":{"line":22,"column":24},"end":{"line":22,"column":39}},"type":"binary-expr","locations":[{"start":{"line":22,"column":24},"end":{"line":22,"column":32}},{"start":{"line":22,"column":36},"end":{"line":22,"column":39}}],"line":22},"1":{"loc":{"start":{"line":23,"column":16},"end":{"line":23,"column":76}},"type":"binary-expr","locations":[{"start":{"line":23,"column":16},"end":{"line":23,"column":24}},{"start":{"line":23,"column":28},"end":{"line":23,"column":37}},{"start":{"line":23,"column":41},"end":{"line":23,"column":76}}],"line":23},"2":{"loc":{"start":{"line":48,"column":24},"end":{"line":48,"column":39}},"type":"binary-expr","locations":[{"start":{"line":48,"column":24},"end":{"line":48,"column":32}},{"start":{"line":48,"column":36},"end":{"line":48,"column":39}}],"line":48},"3":{"loc":{"start":{"line":49,"column":16},"end":{"line":49,"column":76}},"type":"binary-expr","locations":[{"start":{"line":49,"column":16},"end":{"line":49,"column":24}},{"start":{"line":49,"column":28},"end":{"line":49,"column":37}},{"start":{"line":49,"column":41},"end":{"line":49,"column":76}}],"line":49},"4":{"loc":{"start":{"line":75,"column":24},"end":{"line":75,"column":39}},"type":"binary-expr","locations":[{"start":{"line":75,"column":24},"end":{"line":75,"column":32}},{"start":{"line":75,"column":36},"end":{"line":75,"column":39}}],"line":75},"5":{"loc":{"start":{"line":76,"column":16},"end":{"line":76,"column":76}},"type":"binary-expr","locations":[{"start":{"line":76,"column":16},"end":{"line":76,"column":24}},{"start":{"line":76,"column":28},"end":{"line":76,"column":37}},{"start":{"line":76,"column":41},"end":{"line":76,"column":76}}],"line":76},"6":{"loc":{"start":{"line":90,"column":24},"end":{"line":90,"column":39}},"type":"binary-expr","locations":[{"start":{"line":90,"column":24},"end":{"line":90,"column":32}},{"start":{"line":90,"column":36},"end":{"line":90,"column":39}}],"line":90},"7":{"loc":{"start":{"line":91,"column":16},"end":{"line":91,"column":76}},"type":"binary-expr","locations":[{"start":{"line":91,"column":16},"end":{"line":91,"column":24}},{"start":{"line":91,"column":28},"end":{"line":91,"column":37}},{"start":{"line":91,"column":41},"end":{"line":91,"column":76}}],"line":91}},"s":{"0":1,"1":1,"2":1,"3":1,"4":0,"5":0,"6":0,"7":0,"8":0,"9":0,"10":0,"11":0,"12":0,"13":0,"14":0,"15":0,"16":0,"17":0,"18":0,"19":0,"20":0,"21":0,"22":0,"23":0,"24":0,"25":0,"26":0,"27":0,"28":0,"29":0},"f":{"0":0,"1":0,"2":0,"3":0},"b":{"0":[0,0],"1":[0,0,0],"2":[0,0],"3":[0,0,0],"4":[0,0],"5":[0,0,0],"6":[0,0],"7":[0,0,0]},"_coverageSchema":"1a1c01bbd47fc00a2c39e90264f33305004495a9","hash":"f86effc929b2de93e32c5c667da3871e9b410d47"}
,"C:\\Users\\Ivan\\Desktop\\imdb-api\\src\\api\\models\\account.js": {"path":"C:\\Users\\Ivan\\Desktop\\imdb-api\\src\\api\\models\\account.js","statementMap":{"0":{"start":{"line":1,"column":22},"end":{"line":1,"column":42}},"1":{"start":{"line":4,"column":0},"end":{"line":36,"column":2}},"2":{"start":{"line":4,"column":32},"end":{"line":36,"column":1}}},"fnMap":{"0":{"name":"(anonymous_0)","decl":{"start":{"line":4,"column":17},"end":{"line":4,"column":18}},"loc":{"start":{"line":4,"column":32},"end":{"line":36,"column":1}},"line":4}},"branchMap":{},"s":{"0":1,"1":1,"2":3},"f":{"0":3},"b":{},"_coverageSchema":"1a1c01bbd47fc00a2c39e90264f33305004495a9","hash":"43f34d6d8dc34ec40bf06a4f7c971bdd17c95489"}
,"C:\\Users\\Ivan\\Desktop\\imdb-api\\src\\api\\models\\actor.js": {"path":"C:\\Users\\Ivan\\Desktop\\imdb-api\\src\\api\\models\\actor.js","statementMap":{"0":{"start":{"line":1,"column":22},"end":{"line":1,"column":42}},"1":{"start":{"line":4,"column":0},"end":{"line":31,"column":2}},"2":{"start":{"line":4,"column":32},"end":{"line":31,"column":1}}},"fnMap":{"0":{"name":"(anonymous_0)","decl":{"start":{"line":4,"column":17},"end":{"line":4,"column":18}},"loc":{"start":{"line":4,"column":32},"end":{"line":31,"column":1}},"line":4}},"branchMap":{},"s":{"0":1,"1":1,"2":3},"f":{"0":3},"b":{},"_coverageSchema":"1a1c01bbd47fc00a2c39e90264f33305004495a9","hash":"13ba006a6a6a44f92122f5d97a49a9229196bdd6"}
,"C:\\Users\\Ivan\\Desktop\\imdb-api\\src\\api\\models\\director.js": {"path":"C:\\Users\\Ivan\\Desktop\\imdb-api\\src\\api\\models\\director.js","statementMap":{"0":{"start":{"line":1,"column":22},"end":{"line":1,"column":42}},"1":{"start":{"line":4,"column":0},"end":{"line":27,"column":2}},"2":{"start":{"line":4,"column":32},"end":{"line":27,"column":1}}},"fnMap":{"0":{"name":"(anonymous_0)","decl":{"start":{"line":4,"column":17},"end":{"line":4,"column":18}},"loc":{"start":{"line":4,"column":32},"end":{"line":27,"column":1}},"line":4}},"branchMap":{},"s":{"0":1,"1":1,"2":3},"f":{"0":3},"b":{},"_coverageSchema":"1a1c01bbd47fc00a2c39e90264f33305004495a9","hash":"231ca0e53e9bb58eedacb984500496b6d77a93ef"}
,"C:\\Users\\Ivan\\Desktop\\imdb-api\\src\\api\\models\\index.js": {"path":"C:\\Users\\Ivan\\Desktop\\imdb-api\\src\\api\\models\\index.js","statementMap":{"0":{"start":{"line":1,"column":18},"end":{"line":1,"column":38}},"1":{"start":{"line":2,"column":22},"end":{"line":2,"column":42}},"2":{"start":{"line":3,"column":42},"end":{"line":3,"column":74}},"3":{"start":{"line":5,"column":28},"end":{"line":5,"column":72}},"4":{"start":{"line":7,"column":17},"end":{"line":7,"column":37}},"5":{"start":{"line":8,"column":15},"end":{"line":8,"column":33}},"6":{"start":{"line":9,"column":18},"end":{"line":9,"column":39}},"7":{"start":{"line":10,"column":15},"end":{"line":10,"column":33}},"8":{"start":{"line":11,"column":14},"end":{"line":11,"column":31}},"9":{"start":{"line":12,"column":21},"end":{"line":12,"column":45}},"10":{"start":{"line":13,"column":22},"end":{"line":13,"column":47}},"11":{"start":{"line":14,"column":25},"end":{"line":14,"column":53}},"12":{"start":{"line":17,"column":18},"end":{"line":17,"column":48}},"13":{"start":{"line":18,"column":16},"end":{"line":18,"column":44}},"14":{"start":{"line":19,"column":19},"end":{"line":19,"column":50}},"15":{"start":{"line":20,"column":16},"end":{"line":20,"column":44}},"16":{"start":{"line":21,"column":15},"end":{"line":21,"column":42}},"17":{"start":{"line":22,"column":21},"end":{"line":22,"column":55}},"18":{"start":{"line":23,"column":22},"end":{"line":23,"column":57}},"19":{"start":{"line":24,"column":25},"end":{"line":24,"column":63}},"20":{"start":{"line":26,"column":2},"end":{"line":28,"column":5}},"21":{"start":{"line":29,"column":2},"end":{"line":31,"column":5}},"22":{"start":{"line":33,"column":2},"end":{"line":35,"column":4}},"23":{"start":{"line":36,"column":2},"end":{"line":38,"column":4}},"24":{"start":{"line":40,"column":2},"end":{"line":42,"column":4}},"25":{"start":{"line":44,"column":2},"end":{"line":46,"column":4}},"26":{"start":{"line":48,"column":2},"end":{"line":57,"column":4}},"27":{"start":{"line":59,"column":0},"end":{"line":59,"column":49}},"28":{"start":{"line":60,"column":0},"end":{"line":60,"column":60}},"29":{"start":{"line":61,"column":0},"end":{"line":61,"column":57}}},"fnMap":{"0":{"name":"initModels","decl":{"start":{"line":16,"column":9},"end":{"line":16,"column":19}},"loc":{"start":{"line":16,"column":31},"end":{"line":58,"column":1}},"line":16}},"branchMap":{},"s":{"0":1,"1":1,"2":1,"3":1,"4":1,"5":1,"6":1,"7":1,"8":1,"9":1,"10":1,"11":1,"12":3,"13":3,"14":3,"15":3,"16":3,"17":3,"18":3,"19":3,"20":3,"21":3,"22":3,"23":3,"24":3,"25":3,"26":3,"27":1,"28":1,"29":1},"f":{"0":3},"b":{},"_coverageSchema":"1a1c01bbd47fc00a2c39e90264f33305004495a9","hash":"9b6f778c453e9fab8bd29907fa4355a7cc4c32ee"}
,"C:\\Users\\Ivan\\Desktop\\imdb-api\\src\\api\\models\\movie-actors.js": {"path":"C:\\Users\\Ivan\\Desktop\\imdb-api\\src\\api\\models\\movie-actors.js","statementMap":{"0":{"start":{"line":1,"column":22},"end":{"line":1,"column":42}},"1":{"start":{"line":3,"column":0},"end":{"line":21,"column":2}},"2":{"start":{"line":3,"column":32},"end":{"line":21,"column":1}}},"fnMap":{"0":{"name":"(anonymous_0)","decl":{"start":{"line":3,"column":17},"end":{"line":3,"column":18}},"loc":{"start":{"line":3,"column":32},"end":{"line":21,"column":1}},"line":3}},"branchMap":{},"s":{"0":1,"1":1,"2":3},"f":{"0":3},"b":{},"_coverageSchema":"1a1c01bbd47fc00a2c39e90264f33305004495a9","hash":"8e1e5880988bf983ac5c97b3a30f98eb62763880"}
,"C:\\Users\\Ivan\\Desktop\\imdb-api\\src\\api\\models\\movie-directors.js": {"path":"C:\\Users\\Ivan\\Desktop\\imdb-api\\src\\api\\models\\movie-directors.js","statementMap":{"0":{"start":{"line":1,"column":22},"end":{"line":1,"column":42}},"1":{"start":{"line":3,"column":0},"end":{"line":21,"column":2}},"2":{"start":{"line":3,"column":32},"end":{"line":21,"column":1}}},"fnMap":{"0":{"name":"(anonymous_0)","decl":{"start":{"line":3,"column":17},"end":{"line":3,"column":18}},"loc":{"start":{"line":3,"column":32},"end":{"line":21,"column":1}},"line":3}},"branchMap":{},"s":{"0":1,"1":1,"2":3},"f":{"0":3},"b":{},"_coverageSchema":"1a1c01bbd47fc00a2c39e90264f33305004495a9","hash":"43e5da21097eac63c39f6e4f77772335299188a5"}
,"C:\\Users\\Ivan\\Desktop\\imdb-api\\src\\api\\models\\movie.js": {"path":"C:\\Users\\Ivan\\Desktop\\imdb-api\\src\\api\\models\\movie.js","statementMap":{"0":{"start":{"line":1,"column":22},"end":{"line":1,"column":42}},"1":{"start":{"line":4,"column":0},"end":{"line":35,"column":2}},"2":{"start":{"line":4,"column":32},"end":{"line":35,"column":1}}},"fnMap":{"0":{"name":"(anonymous_0)","decl":{"start":{"line":4,"column":17},"end":{"line":4,"column":18}},"loc":{"start":{"line":4,"column":32},"end":{"line":35,"column":1}},"line":4}},"branchMap":{},"s":{"0":1,"1":1,"2":3},"f":{"0":3},"b":{},"_coverageSchema":"1a1c01bbd47fc00a2c39e90264f33305004495a9","hash":"8fe91d8fb99ab151af718e393bcbd3bfc4d42f92"}
,"C:\\Users\\Ivan\\Desktop\\imdb-api\\src\\api\\models\\user-movies.js": {"path":"C:\\Users\\Ivan\\Desktop\\imdb-api\\src\\api\\models\\user-movies.js","statementMap":{"0":{"start":{"line":1,"column":22},"end":{"line":1,"column":42}},"1":{"start":{"line":3,"column":0},"end":{"line":30,"column":2}},"2":{"start":{"line":3,"column":32},"end":{"line":30,"column":1}}},"fnMap":{"0":{"name":"(anonymous_0)","decl":{"start":{"line":3,"column":17},"end":{"line":3,"column":18}},"loc":{"start":{"line":3,"column":32},"end":{"line":30,"column":1}},"line":3}},"branchMap":{},"s":{"0":1,"1":1,"2":3},"f":{"0":3},"b":{},"_coverageSchema":"1a1c01bbd47fc00a2c39e90264f33305004495a9","hash":"9539e6ed4818d82d158ec7b3d58b531dd3fb7ac1"}
,"C:\\Users\\Ivan\\Desktop\\imdb-api\\src\\api\\models\\user.js": {"path":"C:\\Users\\Ivan\\Desktop\\imdb-api\\src\\api\\models\\user.js","statementMap":{"0":{"start":{"line":1,"column":22},"end":{"line":1,"column":42}},"1":{"start":{"line":3,"column":0},"end":{"line":39,"column":2}},"2":{"start":{"line":3,"column":32},"end":{"line":39,"column":1}}},"fnMap":{"0":{"name":"(anonymous_0)","decl":{"start":{"line":3,"column":17},"end":{"line":3,"column":18}},"loc":{"start":{"line":3,"column":32},"end":{"line":39,"column":1}},"line":3}},"branchMap":{},"s":{"0":1,"1":1,"2":3},"f":{"0":3},"b":{},"_coverageSchema":"1a1c01bbd47fc00a2c39e90264f33305004495a9","hash":"684747da9aebb8cc4894bbce218c53564eda1da1"}
,"C:\\Users\\Ivan\\Desktop\\imdb-api\\src\\api\\routes\\movie.js": {"path":"C:\\Users\\Ivan\\Desktop\\imdb-api\\src\\api\\routes\\movie.js","statementMap":{"0":{"start":{"line":1,"column":16},"end":{"line":1,"column":34}},"1":{"start":{"line":2,"column":15},"end":{"line":2,"column":31}},"2":{"start":{"line":3,"column":22},"end":{"line":3,"column":56}},"3":{"start":{"line":4,"column":19},"end":{"line":4,"column":51}},"4":{"start":{"line":6,"column":0},"end":{"line":6,"column":45}},"5":{"start":{"line":7,"column":0},"end":{"line":7,"column":62}},"6":{"start":{"line":9,"column":0},"end":{"line":9,"column":24}}},"fnMap":{},"branchMap":{},"s":{"0":1,"1":1,"2":1,"3":1,"4":1,"5":1,"6":1},"f":{},"b":{},"_coverageSchema":"1a1c01bbd47fc00a2c39e90264f33305004495a9","hash":"6bb04f8e061dbcd81193a84fa9cf5c77324757fe"}
,"C:\\Users\\Ivan\\Desktop\\imdb-api\\src\\api\\routes\\user.js": {"path":"C:\\Users\\Ivan\\Desktop\\imdb-api\\src\\api\\routes\\user.js","statementMap":{"0":{"start":{"line":1,"column":16},"end":{"line":1,"column":34}},"1":{"start":{"line":2,"column":15},"end":{"line":2,"column":31}},"2":{"start":{"line":3,"column":22},"end":{"line":3,"column":56}},"3":{"start":{"line":4,"column":19},"end":{"line":4,"column":52}},"4":{"start":{"line":6,"column":0},"end":{"line":6,"column":45}},"5":{"start":{"line":7,"column":0},"end":{"line":7,"column":55}},"6":{"start":{"line":8,"column":0},"end":{"line":8,"column":58}},"7":{"start":{"line":9,"column":0},"end":{"line":9,"column":40}},"8":{"start":{"line":10,"column":0},"end":{"line":10,"column":53}},"9":{"start":{"line":12,"column":0},"end":{"line":12,"column":24}}},"fnMap":{},"branchMap":{},"s":{"0":1,"1":1,"2":1,"3":1,"4":1,"5":1,"6":1,"7":1,"8":1,"9":1},"f":{},"b":{},"_coverageSchema":"1a1c01bbd47fc00a2c39e90264f33305004495a9","hash":"b509778af24e6e64f17fa9c82eb9d7db75cc9b14"}
,"C:\\Users\\Ivan\\Desktop\\imdb-api\\src\\api\\routes\\admin\\account.js": {"path":"C:\\Users\\Ivan\\Desktop\\imdb-api\\src\\api\\routes\\admin\\account.js","statementMap":{"0":{"start":{"line":1,"column":16},"end":{"line":1,"column":34}},"1":{"start":{"line":2,"column":15},"end":{"line":2,"column":31}},"2":{"start":{"line":3,"column":27},"end":{"line":3,"column":64}},"3":{"start":{"line":4,"column":19},"end":{"line":4,"column":62}},"4":{"start":{"line":6,"column":0},"end":{"line":6,"column":68}},"5":{"start":{"line":7,"column":0},"end":{"line":7,"column":67}},"6":{"start":{"line":8,"column":0},"end":{"line":8,"column":66}},"7":{"start":{"line":9,"column":0},"end":{"line":9,"column":40}},"8":{"start":{"line":10,"column":0},"end":{"line":10,"column":58}},"9":{"start":{"line":11,"column":0},"end":{"line":11,"column":80}},"10":{"start":{"line":12,"column":0},"end":{"line":12,"column":74}},"11":{"start":{"line":14,"column":0},"end":{"line":14,"column":24}}},"fnMap":{},"branchMap":{},"s":{"0":1,"1":1,"2":1,"3":1,"4":1,"5":1,"6":1,"7":1,"8":1,"9":1,"10":1,"11":1},"f":{},"b":{},"_coverageSchema":"1a1c01bbd47fc00a2c39e90264f33305004495a9","hash":"63761890bed4883562de8be2af2d3562ba26705d"}
,"C:\\Users\\Ivan\\Desktop\\imdb-api\\src\\api\\routes\\admin\\actor.js": {"path":"C:\\Users\\Ivan\\Desktop\\imdb-api\\src\\api\\routes\\admin\\actor.js","statementMap":{"0":{"start":{"line":1,"column":16},"end":{"line":1,"column":34}},"1":{"start":{"line":2,"column":15},"end":{"line":2,"column":31}},"2":{"start":{"line":3,"column":27},"end":{"line":3,"column":64}},"3":{"start":{"line":4,"column":19},"end":{"line":4,"column":60}},"4":{"start":{"line":6,"column":0},"end":{"line":6,"column":61}},"5":{"start":{"line":7,"column":0},"end":{"line":7,"column":63}},"6":{"start":{"line":8,"column":0},"end":{"line":8,"column":71}},"7":{"start":{"line":9,"column":0},"end":{"line":9,"column":74}},"8":{"start":{"line":11,"column":0},"end":{"line":11,"column":24}}},"fnMap":{},"branchMap":{},"s":{"0":1,"1":1,"2":1,"3":1,"4":1,"5":1,"6":1,"7":1,"8":1},"f":{},"b":{},"_coverageSchema":"1a1c01bbd47fc00a2c39e90264f33305004495a9","hash":"b15cceea3456303181354856cff4db4b73756d28"}
,"C:\\Users\\Ivan\\Desktop\\imdb-api\\src\\api\\routes\\admin\\director.js": {"path":"C:\\Users\\Ivan\\Desktop\\imdb-api\\src\\api\\routes\\admin\\director.js","statementMap":{"0":{"start":{"line":1,"column":16},"end":{"line":1,"column":34}},"1":{"start":{"line":2,"column":15},"end":{"line":2,"column":31}},"2":{"start":{"line":3,"column":27},"end":{"line":3,"column":64}},"3":{"start":{"line":4,"column":19},"end":{"line":4,"column":63}},"4":{"start":{"line":6,"column":0},"end":{"line":6,"column":67}},"5":{"start":{"line":7,"column":0},"end":{"line":7,"column":69}},"6":{"start":{"line":8,"column":0},"end":{"line":8,"column":80}},"7":{"start":{"line":9,"column":0},"end":{"line":9,"column":83}},"8":{"start":{"line":11,"column":0},"end":{"line":11,"column":24}}},"fnMap":{},"branchMap":{},"s":{"0":1,"1":1,"2":1,"3":1,"4":1,"5":1,"6":1,"7":1,"8":1},"f":{},"b":{},"_coverageSchema":"1a1c01bbd47fc00a2c39e90264f33305004495a9","hash":"6cfb48d883e96b9d81a68ff6c2de9a0fe88799bd"}
,"C:\\Users\\Ivan\\Desktop\\imdb-api\\src\\api\\routes\\admin\\movie.js": {"path":"C:\\Users\\Ivan\\Desktop\\imdb-api\\src\\api\\routes\\admin\\movie.js","statementMap":{"0":{"start":{"line":1,"column":16},"end":{"line":1,"column":34}},"1":{"start":{"line":2,"column":15},"end":{"line":2,"column":31}},"2":{"start":{"line":3,"column":27},"end":{"line":3,"column":64}},"3":{"start":{"line":4,"column":19},"end":{"line":4,"column":60}},"4":{"start":{"line":6,"column":0},"end":{"line":6,"column":61}},"5":{"start":{"line":7,"column":0},"end":{"line":7,"column":63}},"6":{"start":{"line":8,"column":0},"end":{"line":8,"column":71}},"7":{"start":{"line":9,"column":0},"end":{"line":9,"column":74}},"8":{"start":{"line":11,"column":0},"end":{"line":11,"column":24}}},"fnMap":{},"branchMap":{},"s":{"0":1,"1":1,"2":1,"3":1,"4":1,"5":1,"6":1,"7":1,"8":1},"f":{},"b":{},"_coverageSchema":"1a1c01bbd47fc00a2c39e90264f33305004495a9","hash":"023025dedb64ef735761f34156699e7f1b51cbbe"}
,"C:\\Users\\Ivan\\Desktop\\imdb-api\\src\\api\\services\\account.js": {"path":"C:\\Users\\Ivan\\Desktop\\imdb-api\\src\\api\\services\\account.js","statementMap":{"0":{"start":{"line":3,"column":4},"end":{"line":3,"column":24}},"1":{"start":{"line":5,"column":15},"end":{"line":5,"column":34}},"2":{"start":{"line":6,"column":29},"end":{"line":6,"column":63}},"3":{"start":{"line":8,"column":0},"end":{"line":162,"column":2}},"4":{"start":{"line":11,"column":4},"end":{"line":33,"column":5}},"5":{"start":{"line":13,"column":22},"end":{"line":18,"column":8}},"6":{"start":{"line":20,"column":23},"end":{"line":24,"column":7}},"7":{"start":{"line":26,"column":6},"end":{"line":26,"column":21}},"8":{"start":{"line":29,"column":6},"end":{"line":32,"column":8}},"9":{"start":{"line":38,"column":4},"end":{"line":59,"column":5}},"10":{"start":{"line":40,"column":22},"end":{"line":44,"column":8}},"11":{"start":{"line":46,"column":23},"end":{"line":50,"column":7}},"12":{"start":{"line":52,"column":6},"end":{"line":52,"column":21}},"13":{"start":{"line":55,"column":6},"end":{"line":58,"column":8}},"14":{"start":{"line":64,"column":4},"end":{"line":90,"column":5}},"15":{"start":{"line":66,"column":22},"end":{"line":70,"column":8}},"16":{"start":{"line":72,"column":6},"end":{"line":75,"column":9}},"17":{"start":{"line":77,"column":23},"end":{"line":81,"column":7}},"18":{"start":{"line":83,"column":6},"end":{"line":83,"column":21}},"19":{"start":{"line":86,"column":6},"end":{"line":89,"column":8}},"20":{"start":{"line":95,"column":4},"end":{"line":112,"column":5}},"21":{"start":{"line":97,"column":22},"end":{"line":101,"column":8}},"22":{"start":{"line":103,"column":6},"end":{"line":103,"column":30}},"23":{"start":{"line":105,"column":6},"end":{"line":105,"column":12}},"24":{"start":{"line":108,"column":6},"end":{"line":111,"column":8}},"25":{"start":{"line":118,"column":4},"end":{"line":160,"column":5}},"26":{"start":{"line":119,"column":37},"end":{"line":119,"column":41}},"27":{"start":{"line":120,"column":22},"end":{"line":124,"column":8}},"28":{"start":{"line":126,"column":6},"end":{"line":131,"column":7}},"29":{"start":{"line":127,"column":8},"end":{"line":130,"column":10}},"30":{"start":{"line":133,"column":30},"end":{"line":133,"column":78}},"31":{"start":{"line":134,"column":6},"end":{"line":139,"column":7}},"32":{"start":{"line":135,"column":7},"end":{"line":138,"column":10}},"33":{"start":{"line":141,"column":20},"end":{"line":146,"column":8}},"34":{"start":{"line":148,"column":23},"end":{"line":151,"column":7}},"35":{"start":{"line":153,"column":6},"end":{"line":153,"column":22}},"36":{"start":{"line":156,"column":6},"end":{"line":159,"column":8}}},"fnMap":{"0":{"name":"(anonymous_0)","decl":{"start":{"line":10,"column":19},"end":{"line":10,"column":20}},"loc":{"start":{"line":10,"column":40},"end":{"line":35,"column":3}},"line":10},"1":{"name":"(anonymous_1)","decl":{"start":{"line":37,"column":11},"end":{"line":37,"column":12}},"loc":{"start":{"line":37,"column":27},"end":{"line":61,"column":3}},"line":37},"2":{"name":"(anonymous_2)","decl":{"start":{"line":63,"column":11},"end":{"line":63,"column":12}},"loc":{"start":{"line":63,"column":38},"end":{"line":92,"column":3}},"line":63},"3":{"name":"(anonymous_3)","decl":{"start":{"line":94,"column":11},"end":{"line":94,"column":12}},"loc":{"start":{"line":94,"column":32},"end":{"line":114,"column":3}},"line":94},"4":{"name":"(anonymous_4)","decl":{"start":{"line":117,"column":9},"end":{"line":117,"column":10}},"loc":{"start":{"line":117,"column":25},"end":{"line":161,"column":3}},"line":117}},"branchMap":{"0":{"loc":{"start":{"line":126,"column":6},"end":{"line":131,"column":7}},"type":"if","locations":[{"start":{"line":126,"column":6},"end":{"line":131,"column":7}},{"start":{"line":126,"column":6},"end":{"line":131,"column":7}}],"line":126},"1":{"loc":{"start":{"line":134,"column":6},"end":{"line":139,"column":7}},"type":"if","locations":[{"start":{"line":134,"column":6},"end":{"line":139,"column":7}},{"start":{"line":134,"column":6},"end":{"line":139,"column":7}}],"line":134}},"s":{"0":1,"1":1,"2":1,"3":1,"4":0,"5":0,"6":0,"7":0,"8":0,"9":0,"10":0,"11":0,"12":0,"13":0,"14":0,"15":0,"16":0,"17":0,"18":0,"19":0,"20":0,"21":0,"22":0,"23":0,"24":0,"25":0,"26":0,"27":0,"28":0,"29":0,"30":0,"31":0,"32":0,"33":0,"34":0,"35":0,"36":0},"f":{"0":0,"1":0,"2":0,"3":0,"4":0},"b":{"0":[0,0],"1":[0,0]},"_coverageSchema":"1a1c01bbd47fc00a2c39e90264f33305004495a9","hash":"a641e9349c16d07d26a9cbbf74c1a63e98c23060"}
,"C:\\Users\\Ivan\\Desktop\\imdb-api\\src\\api\\services\\actor.js": {"path":"C:\\Users\\Ivan\\Desktop\\imdb-api\\src\\api\\services\\actor.js","statementMap":{"0":{"start":{"line":3,"column":4},"end":{"line":3,"column":24}},"1":{"start":{"line":5,"column":32},"end":{"line":5,"column":74}},"2":{"start":{"line":7,"column":15},"end":{"line":7,"column":35}},"3":{"start":{"line":9,"column":0},"end":{"line":131,"column":2}},"4":{"start":{"line":12,"column":4},"end":{"line":28,"column":5}},"5":{"start":{"line":14,"column":25},"end":{"line":14,"column":60}},"6":{"start":{"line":16,"column":21},"end":{"line":19,"column":8}},"7":{"start":{"line":21,"column":6},"end":{"line":21,"column":19}},"8":{"start":{"line":24,"column":6},"end":{"line":27,"column":8}},"9":{"start":{"line":33,"column":4},"end":{"line":51,"column":5}},"10":{"start":{"line":35,"column":21},"end":{"line":42,"column":8}},"11":{"start":{"line":44,"column":6},"end":{"line":44,"column":19}},"12":{"start":{"line":47,"column":6},"end":{"line":50,"column":8}},"13":{"start":{"line":56,"column":4},"end":{"line":76,"column":5}},"14":{"start":{"line":58,"column":20},"end":{"line":61,"column":8}},"15":{"start":{"line":63,"column":23},"end":{"line":67,"column":7}},"16":{"start":{"line":69,"column":6},"end":{"line":69,"column":21}},"17":{"start":{"line":72,"column":6},"end":{"line":75,"column":8}},"18":{"start":{"line":81,"column":4},"end":{"line":105,"column":5}},"19":{"start":{"line":83,"column":20},"end":{"line":87,"column":8}},"20":{"start":{"line":89,"column":6},"end":{"line":91,"column":9}},"21":{"start":{"line":93,"column":23},"end":{"line":96,"column":7}},"22":{"start":{"line":98,"column":6},"end":{"line":98,"column":21}},"23":{"start":{"line":101,"column":6},"end":{"line":104,"column":8}},"24":{"start":{"line":110,"column":4},"end":{"line":127,"column":5}},"25":{"start":{"line":112,"column":20},"end":{"line":116,"column":8}},"26":{"start":{"line":118,"column":6},"end":{"line":118,"column":28}},"27":{"start":{"line":120,"column":6},"end":{"line":120,"column":12}},"28":{"start":{"line":123,"column":6},"end":{"line":126,"column":8}}},"fnMap":{"0":{"name":"(anonymous_0)","decl":{"start":{"line":11,"column":15},"end":{"line":11,"column":16}},"loc":{"start":{"line":11,"column":41},"end":{"line":30,"column":3}},"line":11},"1":{"name":"(anonymous_1)","decl":{"start":{"line":32,"column":20},"end":{"line":32,"column":21}},"loc":{"start":{"line":32,"column":40},"end":{"line":53,"column":3}},"line":32},"2":{"name":"(anonymous_2)","decl":{"start":{"line":55,"column":11},"end":{"line":55,"column":12}},"loc":{"start":{"line":55,"column":27},"end":{"line":78,"column":3}},"line":55},"3":{"name":"(anonymous_3)","decl":{"start":{"line":80,"column":11},"end":{"line":80,"column":12}},"loc":{"start":{"line":80,"column":36},"end":{"line":107,"column":3}},"line":80},"4":{"name":"(anonymous_4)","decl":{"start":{"line":109,"column":11},"end":{"line":109,"column":12}},"loc":{"start":{"line":109,"column":30},"end":{"line":129,"column":3}},"line":109}},"branchMap":{},"s":{"0":1,"1":1,"2":1,"3":1,"4":0,"5":0,"6":0,"7":0,"8":0,"9":0,"10":0,"11":0,"12":0,"13":0,"14":0,"15":0,"16":0,"17":0,"18":0,"19":0,"20":0,"21":0,"22":0,"23":0,"24":0,"25":0,"26":0,"27":0,"28":0},"f":{"0":0,"1":0,"2":0,"3":0,"4":0},"b":{},"_coverageSchema":"1a1c01bbd47fc00a2c39e90264f33305004495a9","hash":"3241fbd9e8c280294d5a878b203a02080515543a"}
,"C:\\Users\\Ivan\\Desktop\\imdb-api\\src\\api\\services\\authorize.js": {"path":"C:\\Users\\Ivan\\Desktop\\imdb-api\\src\\api\\services\\authorize.js","statementMap":{"0":{"start":{"line":1,"column":12},"end":{"line":1,"column":35}},"1":{"start":{"line":3,"column":29},"end":{"line":3,"column":56}},"2":{"start":{"line":8,"column":4},"end":{"line":8,"column":24}},"3":{"start":{"line":10,"column":0},"end":{"line":104,"column":2}},"4":{"start":{"line":12,"column":18},"end":{"line":12,"column":77}},"5":{"start":{"line":13,"column":4},"end":{"line":13,"column":17}},"6":{"start":{"line":17,"column":22},"end":{"line":17,"column":47}},"7":{"start":{"line":19,"column":4},"end":{"line":23,"column":5}},"8":{"start":{"line":20,"column":6},"end":{"line":22,"column":9}},"9":{"start":{"line":24,"column":22},"end":{"line":24,"column":42}},"10":{"start":{"line":26,"column":4},"end":{"line":55,"column":7}},"11":{"start":{"line":27,"column":6},"end":{"line":31,"column":7}},"12":{"start":{"line":28,"column":8},"end":{"line":30,"column":11}},"13":{"start":{"line":33,"column":6},"end":{"line":37,"column":7}},"14":{"start":{"line":34,"column":8},"end":{"line":36,"column":11}},"15":{"start":{"line":39,"column":19},"end":{"line":44,"column":8}},"16":{"start":{"line":46,"column":6},"end":{"line":50,"column":7}},"17":{"start":{"line":47,"column":8},"end":{"line":49,"column":11}},"18":{"start":{"line":52,"column":6},"end":{"line":52,"column":22}},"19":{"start":{"line":54,"column":6},"end":{"line":54,"column":20}},"20":{"start":{"line":57,"column":4},"end":{"line":57,"column":16}},"21":{"start":{"line":61,"column":22},"end":{"line":61,"column":47}},"22":{"start":{"line":63,"column":4},"end":{"line":67,"column":5}},"23":{"start":{"line":64,"column":6},"end":{"line":66,"column":9}},"24":{"start":{"line":68,"column":22},"end":{"line":68,"column":42}},"25":{"start":{"line":70,"column":4},"end":{"line":99,"column":7}},"26":{"start":{"line":71,"column":6},"end":{"line":75,"column":7}},"27":{"start":{"line":72,"column":8},"end":{"line":74,"column":11}},"28":{"start":{"line":77,"column":6},"end":{"line":81,"column":7}},"29":{"start":{"line":78,"column":8},"end":{"line":80,"column":11}},"30":{"start":{"line":83,"column":22},"end":{"line":88,"column":8}},"31":{"start":{"line":90,"column":6},"end":{"line":94,"column":7}},"32":{"start":{"line":91,"column":8},"end":{"line":93,"column":11}},"33":{"start":{"line":96,"column":6},"end":{"line":96,"column":25}},"34":{"start":{"line":98,"column":6},"end":{"line":98,"column":20}},"35":{"start":{"line":101,"column":4},"end":{"line":101,"column":16}}},"fnMap":{"0":{"name":"(anonymous_0)","decl":{"start":{"line":11,"column":20},"end":{"line":11,"column":21}},"loc":{"start":{"line":11,"column":30},"end":{"line":14,"column":3}},"line":11},"1":{"name":"(anonymous_1)","decl":{"start":{"line":16,"column":13},"end":{"line":16,"column":14}},"loc":{"start":{"line":16,"column":33},"end":{"line":58,"column":3}},"line":16},"2":{"name":"(anonymous_2)","decl":{"start":{"line":26,"column":40},"end":{"line":26,"column":41}},"loc":{"start":{"line":26,"column":66},"end":{"line":55,"column":5}},"line":26},"3":{"name":"(anonymous_3)","decl":{"start":{"line":60,"column":18},"end":{"line":60,"column":19}},"loc":{"start":{"line":60,"column":38},"end":{"line":102,"column":3}},"line":60},"4":{"name":"(anonymous_4)","decl":{"start":{"line":70,"column":40},"end":{"line":70,"column":41}},"loc":{"start":{"line":70,"column":66},"end":{"line":99,"column":5}},"line":70}},"branchMap":{"0":{"loc":{"start":{"line":19,"column":4},"end":{"line":23,"column":5}},"type":"if","locations":[{"start":{"line":19,"column":4},"end":{"line":23,"column":5}},{"start":{"line":19,"column":4},"end":{"line":23,"column":5}}],"line":19},"1":{"loc":{"start":{"line":27,"column":6},"end":{"line":31,"column":7}},"type":"if","locations":[{"start":{"line":27,"column":6},"end":{"line":31,"column":7}},{"start":{"line":27,"column":6},"end":{"line":31,"column":7}}],"line":27},"2":{"loc":{"start":{"line":33,"column":6},"end":{"line":37,"column":7}},"type":"if","locations":[{"start":{"line":33,"column":6},"end":{"line":37,"column":7}},{"start":{"line":33,"column":6},"end":{"line":37,"column":7}}],"line":33},"3":{"loc":{"start":{"line":46,"column":6},"end":{"line":50,"column":7}},"type":"if","locations":[{"start":{"line":46,"column":6},"end":{"line":50,"column":7}},{"start":{"line":46,"column":6},"end":{"line":50,"column":7}}],"line":46},"4":{"loc":{"start":{"line":63,"column":4},"end":{"line":67,"column":5}},"type":"if","locations":[{"start":{"line":63,"column":4},"end":{"line":67,"column":5}},{"start":{"line":63,"column":4},"end":{"line":67,"column":5}}],"line":63},"5":{"loc":{"start":{"line":71,"column":6},"end":{"line":75,"column":7}},"type":"if","locations":[{"start":{"line":71,"column":6},"end":{"line":75,"column":7}},{"start":{"line":71,"column":6},"end":{"line":75,"column":7}}],"line":71},"6":{"loc":{"start":{"line":77,"column":6},"end":{"line":81,"column":7}},"type":"if","locations":[{"start":{"line":77,"column":6},"end":{"line":81,"column":7}},{"start":{"line":77,"column":6},"end":{"line":81,"column":7}}],"line":77},"7":{"loc":{"start":{"line":90,"column":6},"end":{"line":94,"column":7}},"type":"if","locations":[{"start":{"line":90,"column":6},"end":{"line":94,"column":7}},{"start":{"line":90,"column":6},"end":{"line":94,"column":7}}],"line":90}},"s":{"0":1,"1":1,"2":1,"3":1,"4":0,"5":0,"6":0,"7":0,"8":0,"9":0,"10":0,"11":0,"12":0,"13":0,"14":0,"15":0,"16":0,"17":0,"18":0,"19":0,"20":0,"21":0,"22":0,"23":0,"24":0,"25":0,"26":0,"27":0,"28":0,"29":0,"30":0,"31":0,"32":0,"33":0,"34":0,"35":0},"f":{"0":0,"1":0,"2":0,"3":0,"4":0},"b":{"0":[0,0],"1":[0,0],"2":[0,0],"3":[0,0],"4":[0,0],"5":[0,0],"6":[0,0],"7":[0,0]},"_coverageSchema":"1a1c01bbd47fc00a2c39e90264f33305004495a9","hash":"1c6363222f98c980d64a9abd64ec78d54737fc8c"}
,"C:\\Users\\Ivan\\Desktop\\imdb-api\\src\\api\\services\\director.js": {"path":"C:\\Users\\Ivan\\Desktop\\imdb-api\\src\\api\\services\\director.js","statementMap":{"0":{"start":{"line":3,"column":4},"end":{"line":3,"column":24}},"1":{"start":{"line":5,"column":32},"end":{"line":5,"column":74}},"2":{"start":{"line":7,"column":18},"end":{"line":7,"column":38}},"3":{"start":{"line":8,"column":15},"end":{"line":8,"column":35}},"4":{"start":{"line":10,"column":0},"end":{"line":130,"column":2}},"5":{"start":{"line":13,"column":4},"end":{"line":29,"column":5}},"6":{"start":{"line":15,"column":25},"end":{"line":15,"column":60}},"7":{"start":{"line":17,"column":24},"end":{"line":20,"column":8}},"8":{"start":{"line":22,"column":6},"end":{"line":22,"column":22}},"9":{"start":{"line":25,"column":6},"end":{"line":28,"column":8}},"10":{"start":{"line":34,"column":4},"end":{"line":52,"column":5}},"11":{"start":{"line":36,"column":24},"end":{"line":43,"column":8}},"12":{"start":{"line":45,"column":6},"end":{"line":45,"column":22}},"13":{"start":{"line":48,"column":6},"end":{"line":51,"column":8}},"14":{"start":{"line":57,"column":4},"end":{"line":75,"column":5}},"15":{"start":{"line":59,"column":23},"end":{"line":61,"column":8}},"16":{"start":{"line":63,"column":23},"end":{"line":66,"column":7}},"17":{"start":{"line":68,"column":6},"end":{"line":68,"column":21}},"18":{"start":{"line":71,"column":6},"end":{"line":74,"column":8}},"19":{"start":{"line":80,"column":4},"end":{"line":104,"column":5}},"20":{"start":{"line":82,"column":23},"end":{"line":86,"column":8}},"21":{"start":{"line":88,"column":6},"end":{"line":90,"column":9}},"22":{"start":{"line":92,"column":23},"end":{"line":95,"column":7}},"23":{"start":{"line":97,"column":6},"end":{"line":97,"column":21}},"24":{"start":{"line":100,"column":6},"end":{"line":103,"column":8}},"25":{"start":{"line":109,"column":4},"end":{"line":126,"column":5}},"26":{"start":{"line":111,"column":23},"end":{"line":115,"column":8}},"27":{"start":{"line":117,"column":6},"end":{"line":117,"column":31}},"28":{"start":{"line":119,"column":6},"end":{"line":119,"column":12}},"29":{"start":{"line":122,"column":6},"end":{"line":125,"column":8}}},"fnMap":{"0":{"name":"(anonymous_0)","decl":{"start":{"line":12,"column":18},"end":{"line":12,"column":19}},"loc":{"start":{"line":12,"column":44},"end":{"line":31,"column":3}},"line":12},"1":{"name":"(anonymous_1)","decl":{"start":{"line":33,"column":23},"end":{"line":33,"column":24}},"loc":{"start":{"line":33,"column":47},"end":{"line":54,"column":3}},"line":33},"2":{"name":"(anonymous_2)","decl":{"start":{"line":56,"column":11},"end":{"line":56,"column":12}},"loc":{"start":{"line":56,"column":27},"end":{"line":77,"column":3}},"line":56},"3":{"name":"(anonymous_3)","decl":{"start":{"line":79,"column":11},"end":{"line":79,"column":12}},"loc":{"start":{"line":79,"column":39},"end":{"line":106,"column":3}},"line":79},"4":{"name":"(anonymous_4)","decl":{"start":{"line":108,"column":11},"end":{"line":108,"column":12}},"loc":{"start":{"line":108,"column":33},"end":{"line":128,"column":3}},"line":108}},"branchMap":{},"s":{"0":1,"1":1,"2":1,"3":1,"4":1,"5":0,"6":0,"7":0,"8":0,"9":0,"10":0,"11":0,"12":0,"13":0,"14":0,"15":0,"16":0,"17":0,"18":0,"19":0,"20":0,"21":0,"22":0,"23":0,"24":0,"25":0,"26":0,"27":0,"28":0,"29":0},"f":{"0":0,"1":0,"2":0,"3":0,"4":0},"b":{},"_coverageSchema":"1a1c01bbd47fc00a2c39e90264f33305004495a9","hash":"26e7d67c1cddd228580def1309a96ecb892af78f"}
,"C:\\Users\\Ivan\\Desktop\\imdb-api\\src\\api\\services\\movie.js": {"path":"C:\\Users\\Ivan\\Desktop\\imdb-api\\src\\api\\services\\movie.js","statementMap":{"0":{"start":{"line":5,"column":4},"end":{"line":5,"column":24}},"1":{"start":{"line":7,"column":32},"end":{"line":7,"column":74}},"2":{"start":{"line":8,"column":31},"end":{"line":8,"column":52}},"3":{"start":{"line":9,"column":28},"end":{"line":9,"column":46}},"4":{"start":{"line":11,"column":18},"end":{"line":11,"column":38}},"5":{"start":{"line":12,"column":15},"end":{"line":12,"column":35}},"6":{"start":{"line":14,"column":42},"end":{"line":14,"column":77}},"7":{"start":{"line":16,"column":18},"end":{"line":16,"column":62}},"8":{"start":{"line":18,"column":0},"end":{"line":217,"column":2}},"9":{"start":{"line":21,"column":4},"end":{"line":49,"column":5}},"10":{"start":{"line":23,"column":25},"end":{"line":23,"column":60}},"11":{"start":{"line":25,"column":21},"end":{"line":40,"column":8}},"12":{"start":{"line":42,"column":6},"end":{"line":42,"column":19}},"13":{"start":{"line":45,"column":6},"end":{"line":48,"column":8}},"14":{"start":{"line":54,"column":4},"end":{"line":98,"column":5}},"15":{"start":{"line":56,"column":24},"end":{"line":62,"column":8}},"16":{"start":{"line":64,"column":21},"end":{"line":70,"column":8}},"17":{"start":{"line":72,"column":21},"end":{"line":89,"column":8}},"18":{"start":{"line":73,"column":22},"end":{"line":76,"column":28}},"19":{"start":{"line":78,"column":31},"end":{"line":78,"column":84}},"20":{"start":{"line":80,"column":26},"end":{"line":80,"column":73}},"21":{"start":{"line":82,"column":8},"end":{"line":88,"column":9}},"22":{"start":{"line":86,"column":77},"end":{"line":86,"column":96}},"23":{"start":{"line":87,"column":63},"end":{"line":87,"column":76}},"24":{"start":{"line":91,"column":6},"end":{"line":91,"column":19}},"25":{"start":{"line":94,"column":6},"end":{"line":97,"column":8}},"26":{"start":{"line":103,"column":4},"end":{"line":162,"column":5}},"27":{"start":{"line":105,"column":20},"end":{"line":110,"column":8}},"28":{"start":{"line":112,"column":6},"end":{"line":117,"column":7}},"29":{"start":{"line":113,"column":8},"end":{"line":116,"column":9}},"30":{"start":{"line":119,"column":24},"end":{"line":125,"column":8}},"31":{"start":{"line":127,"column":21},"end":{"line":133,"column":8}},"32":{"start":{"line":135,"column":21},"end":{"line":153,"column":8}},"33":{"start":{"line":136,"column":8},"end":{"line":139,"column":29}},"34":{"start":{"line":142,"column":8},"end":{"line":142,"column":62}},"35":{"start":{"line":144,"column":8},"end":{"line":144,"column":55}},"36":{"start":{"line":146,"column":8},"end":{"line":152,"column":9}},"37":{"start":{"line":150,"column":72},"end":{"line":150,"column":83}},"38":{"start":{"line":151,"column":60},"end":{"line":151,"column":68}},"39":{"start":{"line":155,"column":6},"end":{"line":155,"column":19}},"40":{"start":{"line":158,"column":6},"end":{"line":161,"column":8}},"41":{"start":{"line":167,"column":4},"end":{"line":184,"column":5}},"42":{"start":{"line":169,"column":20},"end":{"line":173,"column":8}},"43":{"start":{"line":175,"column":6},"end":{"line":175,"column":28}},"44":{"start":{"line":177,"column":6},"end":{"line":177,"column":12}},"45":{"start":{"line":180,"column":6},"end":{"line":183,"column":8}},"46":{"start":{"line":189,"column":4},"end":{"line":213,"column":5}},"47":{"start":{"line":191,"column":20},"end":{"line":195,"column":8}},"48":{"start":{"line":197,"column":6},"end":{"line":202,"column":7}},"49":{"start":{"line":198,"column":8},"end":{"line":201,"column":9}},"50":{"start":{"line":204,"column":6},"end":{"line":204,"column":68}},"51":{"start":{"line":206,"column":6},"end":{"line":206,"column":12}},"52":{"start":{"line":209,"column":6},"end":{"line":212,"column":8}}},"fnMap":{"0":{"name":"(anonymous_0)","decl":{"start":{"line":20,"column":15},"end":{"line":20,"column":16}},"loc":{"start":{"line":20,"column":41},"end":{"line":51,"column":3}},"line":20},"1":{"name":"(anonymous_1)","decl":{"start":{"line":53,"column":11},"end":{"line":53,"column":12}},"loc":{"start":{"line":53,"column":27},"end":{"line":100,"column":3}},"line":53},"2":{"name":"(anonymous_2)","decl":{"start":{"line":72,"column":49},"end":{"line":72,"column":50}},"loc":{"start":{"line":72,"column":62},"end":{"line":89,"column":7}},"line":72},"3":{"name":"(anonymous_3)","decl":{"start":{"line":86,"column":65},"end":{"line":86,"column":66}},"loc":{"start":{"line":86,"column":77},"end":{"line":86,"column":96}},"line":86},"4":{"name":"(anonymous_4)","decl":{"start":{"line":87,"column":54},"end":{"line":87,"column":55}},"loc":{"start":{"line":87,"column":63},"end":{"line":87,"column":76}},"line":87},"5":{"name":"(anonymous_5)","decl":{"start":{"line":102,"column":11},"end":{"line":102,"column":12}},"loc":{"start":{"line":102,"column":36},"end":{"line":164,"column":3}},"line":102},"6":{"name":"(anonymous_6)","decl":{"start":{"line":135,"column":49},"end":{"line":135,"column":50}},"loc":{"start":{"line":135,"column":62},"end":{"line":153,"column":7}},"line":135},"7":{"name":"(anonymous_7)","decl":{"start":{"line":150,"column":60},"end":{"line":150,"column":61}},"loc":{"start":{"line":150,"column":72},"end":{"line":150,"column":83}},"line":150},"8":{"name":"(anonymous_8)","decl":{"start":{"line":151,"column":51},"end":{"line":151,"column":52}},"loc":{"start":{"line":151,"column":60},"end":{"line":151,"column":68}},"line":151},"9":{"name":"(anonymous_9)","decl":{"start":{"line":166,"column":11},"end":{"line":166,"column":12}},"loc":{"start":{"line":166,"column":30},"end":{"line":186,"column":3}},"line":166},"10":{"name":"(anonymous_10)","decl":{"start":{"line":188,"column":17},"end":{"line":188,"column":18}},"loc":{"start":{"line":188,"column":50},"end":{"line":215,"column":3}},"line":188}},"branchMap":{"0":{"loc":{"start":{"line":112,"column":6},"end":{"line":117,"column":7}},"type":"if","locations":[{"start":{"line":112,"column":6},"end":{"line":117,"column":7}},{"start":{"line":112,"column":6},"end":{"line":117,"column":7}}],"line":112},"1":{"loc":{"start":{"line":197,"column":6},"end":{"line":202,"column":7}},"type":"if","locations":[{"start":{"line":197,"column":6},"end":{"line":202,"column":7}},{"start":{"line":197,"column":6},"end":{"line":202,"column":7}}],"line":197}},"s":{"0":1,"1":1,"2":1,"3":1,"4":1,"5":1,"6":1,"7":1,"8":1,"9":0,"10":0,"11":0,"12":0,"13":0,"14":0,"15":0,"16":0,"17":0,"18":0,"19":0,"20":0,"21":0,"22":0,"23":0,"24":0,"25":0,"26":0,"27":0,"28":0,"29":0,"30":0,"31":0,"32":0,"33":0,"34":0,"35":0,"36":0,"37":0,"38":0,"39":0,"40":0,"41":0,"42":0,"43":0,"44":0,"45":0,"46":0,"47":0,"48":0,"49":0,"50":0,"51":0,"52":0},"f":{"0":0,"1":0,"2":0,"3":0,"4":0,"5":0,"6":0,"7":0,"8":0,"9":0,"10":0},"b":{"0":[0,0],"1":[0,0]},"_coverageSchema":"1a1c01bbd47fc00a2c39e90264f33305004495a9","hash":"caf4e2aaa17952fe2600331839886cfb8897f29c"}
,"C:\\Users\\Ivan\\Desktop\\imdb-api\\src\\api\\services\\user.js": {"path":"C:\\Users\\Ivan\\Desktop\\imdb-api\\src\\api\\services\\user.js","statementMap":{"0":{"start":{"line":3,"column":4},"end":{"line":3,"column":24}},"1":{"start":{"line":5,"column":15},"end":{"line":5,"column":34}},"2":{"start":{"line":6,"column":29},"end":{"line":6,"column":63}},"3":{"start":{"line":7,"column":15},"end":{"line":7,"column":35}},"4":{"start":{"line":9,"column":0},"end":{"line":157,"column":2}},"5":{"start":{"line":12,"column":4},"end":{"line":46,"column":5}},"6":{"start":{"line":14,"column":35},"end":{"line":18,"column":8}},"7":{"start":{"line":20,"column":6},"end":{"line":25,"column":7}},"8":{"start":{"line":21,"column":8},"end":{"line":24,"column":9}},"9":{"start":{"line":27,"column":19},"end":{"line":32,"column":8}},"10":{"start":{"line":34,"column":6},"end":{"line":39,"column":7}},"11":{"start":{"line":42,"column":6},"end":{"line":45,"column":8}},"12":{"start":{"line":51,"column":4},"end":{"line":93,"column":5}},"13":{"start":{"line":53,"column":35},"end":{"line":66,"column":8}},"14":{"start":{"line":68,"column":6},"end":{"line":73,"column":7}},"15":{"start":{"line":69,"column":8},"end":{"line":72,"column":9}},"16":{"start":{"line":75,"column":6},"end":{"line":79,"column":9}},"17":{"start":{"line":81,"column":6},"end":{"line":86,"column":7}},"18":{"start":{"line":89,"column":6},"end":{"line":92,"column":8}},"19":{"start":{"line":98,"column":4},"end":{"line":109,"column":5}},"20":{"start":{"line":100,"column":6},"end":{"line":100,"column":27}},"21":{"start":{"line":102,"column":6},"end":{"line":102,"column":12}},"22":{"start":{"line":105,"column":6},"end":{"line":108,"column":8}},"23":{"start":{"line":115,"column":4},"end":{"line":155,"column":5}},"24":{"start":{"line":116,"column":37},"end":{"line":116,"column":41}},"25":{"start":{"line":117,"column":19},"end":{"line":121,"column":8}},"26":{"start":{"line":123,"column":6},"end":{"line":128,"column":7}},"27":{"start":{"line":124,"column":8},"end":{"line":127,"column":10}},"28":{"start":{"line":130,"column":30},"end":{"line":130,"column":75}},"29":{"start":{"line":131,"column":6},"end":{"line":136,"column":7}},"30":{"start":{"line":132,"column":7},"end":{"line":135,"column":10}},"31":{"start":{"line":138,"column":20},"end":{"line":143,"column":8}},"32":{"start":{"line":145,"column":6},"end":{"line":148,"column":8}},"33":{"start":{"line":151,"column":6},"end":{"line":154,"column":8}}},"fnMap":{"0":{"name":"(anonymous_0)","decl":{"start":{"line":11,"column":11},"end":{"line":11,"column":12}},"loc":{"start":{"line":11,"column":27},"end":{"line":48,"column":3}},"line":11},"1":{"name":"(anonymous_1)","decl":{"start":{"line":50,"column":11},"end":{"line":50,"column":12}},"loc":{"start":{"line":50,"column":33},"end":{"line":95,"column":3}},"line":50},"2":{"name":"(anonymous_2)","decl":{"start":{"line":97,"column":11},"end":{"line":97,"column":12}},"loc":{"start":{"line":97,"column":27},"end":{"line":111,"column":3}},"line":97},"3":{"name":"(anonymous_3)","decl":{"start":{"line":114,"column":9},"end":{"line":114,"column":10}},"loc":{"start":{"line":114,"column":25},"end":{"line":156,"column":3}},"line":114}},"branchMap":{"0":{"loc":{"start":{"line":20,"column":6},"end":{"line":25,"column":7}},"type":"if","locations":[{"start":{"line":20,"column":6},"end":{"line":25,"column":7}},{"start":{"line":20,"column":6},"end":{"line":25,"column":7}}],"line":20},"1":{"loc":{"start":{"line":68,"column":6},"end":{"line":73,"column":7}},"type":"if","locations":[{"start":{"line":68,"column":6},"end":{"line":73,"column":7}},{"start":{"line":68,"column":6},"end":{"line":73,"column":7}}],"line":68},"2":{"loc":{"start":{"line":123,"column":6},"end":{"line":128,"column":7}},"type":"if","locations":[{"start":{"line":123,"column":6},"end":{"line":128,"column":7}},{"start":{"line":123,"column":6},"end":{"line":128,"column":7}}],"line":123},"3":{"loc":{"start":{"line":131,"column":6},"end":{"line":136,"column":7}},"type":"if","locations":[{"start":{"line":131,"column":6},"end":{"line":136,"column":7}},{"start":{"line":131,"column":6},"end":{"line":136,"column":7}}],"line":131}},"s":{"0":1,"1":1,"2":1,"3":1,"4":1,"5":1,"6":1,"7":0,"8":0,"9":0,"10":0,"11":1,"12":0,"13":0,"14":0,"15":0,"16":0,"17":0,"18":0,"19":0,"20":0,"21":0,"22":0,"23":0,"24":0,"25":0,"26":0,"27":0,"28":0,"29":0,"30":0,"31":0,"32":0,"33":0},"f":{"0":1,"1":0,"2":0,"3":0},"b":{"0":[0,0],"1":[0,0],"2":[0,0],"3":[0,0]},"_coverageSchema":"1a1c01bbd47fc00a2c39e90264f33305004495a9","hash":"dd88c425effefbf71a70b7ca0c1566f033681e4f"}
,"C:\\Users\\Ivan\\Desktop\\imdb-api\\src\\config\\database.js": {"path":"C:\\Users\\Ivan\\Desktop\\imdb-api\\src\\config\\database.js","statementMap":{"0":{"start":{"line":1,"column":12},"end":{"line":1,"column":28}},"1":{"start":{"line":3,"column":0},"end":{"line":23,"column":2}}},"fnMap":{},"branchMap":{},"s":{"0":1,"1":1},"f":{},"b":{},"_coverageSchema":"1a1c01bbd47fc00a2c39e90264f33305004495a9","hash":"3b13a90bc089caf6ac2c4c7185d029254b863d4c"}
,"C:\\Users\\Ivan\\Desktop\\imdb-api\\src\\config\\env.js": {"path":"C:\\Users\\Ivan\\Desktop\\imdb-api\\src\\config\\env.js","statementMap":{"0":{"start":{"line":1,"column":0},"end":{"line":3,"column":3}},"1":{"start":{"line":5,"column":13},"end":{"line":18,"column":1}},"2":{"start":{"line":20,"column":0},"end":{"line":20,"column":22}}},"fnMap":{},"branchMap":{"0":{"loc":{"start":{"line":2,"column":17},"end":{"line":2,"column":46}},"type":"binary-expr","locations":[{"start":{"line":2,"column":17},"end":{"line":2,"column":37}},{"start":{"line":2,"column":41},"end":{"line":2,"column":46}}],"line":2}},"s":{"0":1,"1":1,"2":1},"f":{},"b":{"0":[1,0]},"_coverageSchema":"1a1c01bbd47fc00a2c39e90264f33305004495a9","hash":"73bad40e09503258a19900c53358d45919034d35"}
,"C:\\Users\\Ivan\\Desktop\\imdb-api\\src\\constants\\genre-movies.js": {"path":"C:\\Users\\Ivan\\Desktop\\imdb-api\\src\\constants\\genre-movies.js","statementMap":{"0":{"start":{"line":1,"column":20},"end":{"line":6,"column":1}},"1":{"start":{"line":8,"column":0},"end":{"line":11,"column":2}},"2":{"start":{"line":10,"column":26},"end":{"line":10,"column":52}}},"fnMap":{"0":{"name":"(anonymous_0)","decl":{"start":{"line":10,"column":20},"end":{"line":10,"column":21}},"loc":{"start":{"line":10,"column":26},"end":{"line":10,"column":52}},"line":10}},"branchMap":{},"s":{"0":1,"1":1,"2":0},"f":{"0":0},"b":{},"_coverageSchema":"1a1c01bbd47fc00a2c39e90264f33305004495a9","hash":"9c6ca34fd5043aed4313d913f022bfa21088c343"}
,"C:\\Users\\Ivan\\Desktop\\imdb-api\\src\\helpers\\sequelize-helpers.js": {"path":"C:\\Users\\Ivan\\Desktop\\imdb-api\\src\\helpers\\sequelize-helpers.js","statementMap":{"0":{"start":{"line":1,"column":0},"end":{"line":9,"column":2}},"1":{"start":{"line":3,"column":19},"end":{"line":3,"column":51}},"2":{"start":{"line":4,"column":4},"end":{"line":7,"column":6}}},"fnMap":{"0":{"name":"(anonymous_0)","decl":{"start":{"line":2,"column":23},"end":{"line":2,"column":24}},"loc":{"start":{"line":2,"column":47},"end":{"line":8,"column":3}},"line":2}},"branchMap":{},"s":{"0":1,"1":0,"2":0},"f":{"0":0},"b":{},"_coverageSchema":"1a1c01bbd47fc00a2c39e90264f33305004495a9","hash":"153bbd46d3f6a7686fe9aaca7229d89aefbf2ca0"}
}
